-- Install configuration: ""
-- Up-to-date: /home/mustafa/camco_ws/src/Campus-Courier/install/camco_navigation/share/camco_navigation/config
-- Up-to-date: /home/mustafa/camco_ws/src/Campus-Courier/install/camco_navigation/share/camco_navigation/config/nav2.yaml
-- Up-to-date: /home/mustafa/camco_ws/src/Campus-Courier/install/camco_navigation/share/camco_navigation/config/slam.yaml
-- Up-to-date: /home/mustafa/camco_ws/src/Campus-Courier/install/camco_navigation/share/camco_navigation/launch
-- Up-to-date: /home/mustafa/camco_ws/src/Campus-Courier/install/camco_navigation/share/camco_navigation/launch/slam.launch.py
-- Installing: /home/mustafa/camco_ws/src/Campus-Courier/install/camco_navigation/share/camco_navigation/launch/nav2.launch.py
-- Up-to-date: /home/mustafa/camco_ws/src/Campus-Courier/install/camco_navigation/share/camco_navigation/maps
-- Up-to-date: /home/mustafa/camco_ws/src/Campus-Courier/install/camco_navigation/share/ament_index/resource_index/package_run_dependencies/camco_navigation
-- Up-to-date: /home/mustafa/camco_ws/src/Campus-Courier/install/camco_navigation/share/ament_index/resource_index/parent_prefix_path/camco_navigation
-- Up-to-date: /home/mustafa/camco_ws/src/Campus-Courier/install/camco_navigation/share/camco_navigation/environment/ament_prefix_path.sh
-- Up-to-date: /home/mustafa/camco_ws/src/Campus-Courier/install/camco_navigation/share/camco_navigation/environment/ament_prefix_path.dsv
-- Up-to-date: /home/mustafa/camco_ws/src/Campus-Courier/install/camco_navigation/share/camco_navigation/environment/path.sh
-- Up-to-date: /home/mustafa/camco_ws/src/Campus-Courier/install/camco_navigation/share/camco_navigation/environment/path.dsv
-- Up-to-date: /home/mustafa/camco_ws/src/Campus-Courier/install/camco_navigation/share/camco_navigation/local_setup.bash
-- Up-to-date: /home/mustafa/camco_ws/src/Campus-Courier/install/camco_navigation/share/camco_navigation/local_setup.sh
-- Up-to-date: /home/mustafa/camco_ws/src/Campus-Courier/install/camco_navigation/share/camco_navigation/local_setup.zsh
-- Up-to-date: /home/mustafa/camco_ws/src/Campus-Courier/install/camco_navigation/share/camco_navigation/local_setup.dsv
-- Up-to-date: /home/mustafa/camco_ws/src/Campus-Courier/install/camco_navigation/share/camco_navigation/package.dsv
-- Up-to-date: /home/mustafa/camco_ws/src/Campus-Courier/install/camco_navigation/share/ament_index/resource_index/packages/camco_navigation
-- Up-to-date: /home/mustafa/camco_ws/src/Campus-Courier/install/camco_navigation/share/camco_navigation/cmake/camco_navigationConfig.cmake
-- Up-to-date: /home/mustafa/camco_ws/src/Campus-Courier/install/camco_navigation/share/camco_navigation/cmake/camco_navigationConfig-version.cmake
-- Up-to-date: /home/mustafa/camco_ws/src/Campus-Courier/install/camco_navigation/share/camco_navigation/package.xml
