[0.998s] DEBUG:colcon:Command line arguments: ['/usr/bin/colcon', 'build', '--packages-select', 'camco_navigation']
[0.998s] DEBUG:colcon:Parsed command line arguments: Namespace(log_base=None, log_level=None, verb_name='build', build_base='build', install_base='install', merge_install=False, symlink_install=False, test_result_base=None, continue_on_error=False, executor='parallel', parallel_workers=4, event_handlers=None, ignore_user_meta=False, metas=['./colcon.meta'], base_paths=['.'], packages_ignore=None, packages_ignore_regex=None, paths=None, packages_up_to=None, packages_up_to_regex=None, packages_above=None, packages_above_and_dependencies=None, packages_above_depth=None, packages_select_by_dep=None, packages_skip_by_dep=None, packages_skip_up_to=None, packages_select_build_failed=False, packages_skip_build_finished=False, packages_select_test_failures=False, packages_skip_test_passed=False, packages_select=['camco_navigation'], packages_skip=None, packages_select_regex=None, packages_skip_regex=None, packages_start=None, packages_end=None, allow_overriding=[], cmake_args=None, cmake_target=None, cmake_target_skip_unavailable=False, cmake_clean_cache=False, cmake_clean_first=False, cmake_force_configure=False, ament_cmake_args=None, catkin_cmake_args=None, catkin_skip_building_tests=False, verb_parser=<colcon_defaults.argument_parser.defaults.DefaultArgumentsDecorator object at 0x7fd8ee6d5d20>, verb_extension=<colcon_core.verb.build.BuildVerb object at 0x7fd8eebcf940>, main=<bound method BuildVerb.main of <colcon_core.verb.build.BuildVerb object at 0x7fd8eebcf940>>)
[1.043s] Level 1:colcon.colcon_core.package_discovery:discover_packages(colcon_meta) check parameters
[1.043s] Level 1:colcon.colcon_core.package_discovery:discover_packages(recursive) check parameters
[1.043s] Level 1:colcon.colcon_core.package_discovery:discover_packages(ignore) check parameters
[1.043s] Level 1:colcon.colcon_core.package_discovery:discover_packages(path) check parameters
[1.043s] Level 1:colcon.colcon_core.package_discovery:discover_packages(colcon_meta) discover
[1.043s] Level 1:colcon.colcon_core.package_discovery:discover_packages(recursive) discover
[1.043s] INFO:colcon.colcon_core.package_discovery:Crawling recursively for packages in '/home/mustafa/camco_ws/src/Campus-Courier'
[1.043s] Level 1:colcon.colcon_core.package_identification:_identify(.) by extensions ['ignore', 'ignore_ament_install']
[1.043s] Level 1:colcon.colcon_core.package_identification:_identify(.) by extension 'ignore'
[1.044s] Level 1:colcon.colcon_core.package_identification:_identify(.) by extension 'ignore_ament_install'
[1.044s] Level 1:colcon.colcon_core.package_identification:_identify(.) by extensions ['colcon_pkg']
[1.044s] Level 1:colcon.colcon_core.package_identification:_identify(.) by extension 'colcon_pkg'
[1.044s] Level 1:colcon.colcon_core.package_identification:_identify(.) by extensions ['colcon_meta']
[1.044s] Level 1:colcon.colcon_core.package_identification:_identify(.) by extension 'colcon_meta'
[1.044s] Level 1:colcon.colcon_core.package_identification:_identify(.) by extensions ['ros']
[1.044s] Level 1:colcon.colcon_core.package_identification:_identify(.) by extension 'ros'
[1.054s] Level 1:colcon.colcon_core.package_identification:_identify(.) by extensions ['cmake', 'python']
[1.054s] Level 1:colcon.colcon_core.package_identification:_identify(.) by extension 'cmake'
[1.054s] Level 1:colcon.colcon_core.package_identification:_identify(.) by extension 'python'
[1.054s] Level 1:colcon.colcon_core.package_identification:_identify(.) by extensions ['python_setup_py']
[1.055s] Level 1:colcon.colcon_core.package_identification:_identify(.) by extension 'python_setup_py'
[1.055s] Level 1:colcon.colcon_core.package_identification:_identify(build) by extensions ['ignore', 'ignore_ament_install']
[1.055s] Level 1:colcon.colcon_core.package_identification:_identify(build) by extension 'ignore'
[1.055s] Level 1:colcon.colcon_core.package_identification:_identify(build) ignored
[1.055s] Level 1:colcon.colcon_core.package_identification:_identify(camco_description) by extensions ['ignore', 'ignore_ament_install']
[1.055s] Level 1:colcon.colcon_core.package_identification:_identify(camco_description) by extension 'ignore'
[1.055s] Level 1:colcon.colcon_core.package_identification:_identify(camco_description) by extension 'ignore_ament_install'
[1.055s] Level 1:colcon.colcon_core.package_identification:_identify(camco_description) by extensions ['colcon_pkg']
[1.055s] Level 1:colcon.colcon_core.package_identification:_identify(camco_description) by extension 'colcon_pkg'
[1.055s] Level 1:colcon.colcon_core.package_identification:_identify(camco_description) by extensions ['colcon_meta']
[1.055s] Level 1:colcon.colcon_core.package_identification:_identify(camco_description) by extension 'colcon_meta'
[1.055s] Level 1:colcon.colcon_core.package_identification:_identify(camco_description) by extensions ['ros']
[1.055s] Level 1:colcon.colcon_core.package_identification:_identify(camco_description) by extension 'ros'
[1.058s] DEBUG:colcon.colcon_core.package_identification:Package 'camco_description' with type 'ros.ament_cmake' and name 'camco_description'
[1.058s] Level 1:colcon.colcon_core.package_identification:_identify(camco_launch) by extensions ['ignore', 'ignore_ament_install']
[1.058s] Level 1:colcon.colcon_core.package_identification:_identify(camco_launch) by extension 'ignore'
[1.058s] Level 1:colcon.colcon_core.package_identification:_identify(camco_launch) by extension 'ignore_ament_install'
[1.058s] Level 1:colcon.colcon_core.package_identification:_identify(camco_launch) by extensions ['colcon_pkg']
[1.058s] Level 1:colcon.colcon_core.package_identification:_identify(camco_launch) by extension 'colcon_pkg'
[1.058s] Level 1:colcon.colcon_core.package_identification:_identify(camco_launch) by extensions ['colcon_meta']
[1.058s] Level 1:colcon.colcon_core.package_identification:_identify(camco_launch) by extension 'colcon_meta'
[1.058s] Level 1:colcon.colcon_core.package_identification:_identify(camco_launch) by extensions ['ros']
[1.058s] Level 1:colcon.colcon_core.package_identification:_identify(camco_launch) by extension 'ros'
[1.059s] DEBUG:colcon.colcon_core.package_identification:Package 'camco_launch' with type 'ros.ament_cmake' and name 'camco_launch'
[1.059s] Level 1:colcon.colcon_core.package_identification:_identify(camco_navigation) by extensions ['ignore', 'ignore_ament_install']
[1.059s] Level 1:colcon.colcon_core.package_identification:_identify(camco_navigation) by extension 'ignore'
[1.059s] Level 1:colcon.colcon_core.package_identification:_identify(camco_navigation) by extension 'ignore_ament_install'
[1.059s] Level 1:colcon.colcon_core.package_identification:_identify(camco_navigation) by extensions ['colcon_pkg']
[1.059s] Level 1:colcon.colcon_core.package_identification:_identify(camco_navigation) by extension 'colcon_pkg'
[1.059s] Level 1:colcon.colcon_core.package_identification:_identify(camco_navigation) by extensions ['colcon_meta']
[1.059s] Level 1:colcon.colcon_core.package_identification:_identify(camco_navigation) by extension 'colcon_meta'
[1.059s] Level 1:colcon.colcon_core.package_identification:_identify(camco_navigation) by extensions ['ros']
[1.059s] Level 1:colcon.colcon_core.package_identification:_identify(camco_navigation) by extension 'ros'
[1.060s] DEBUG:colcon.colcon_core.package_identification:Package 'camco_navigation' with type 'ros.ament_cmake' and name 'camco_navigation'
[1.060s] Level 1:colcon.colcon_core.package_identification:_identify(install) by extensions ['ignore', 'ignore_ament_install']
[1.060s] Level 1:colcon.colcon_core.package_identification:_identify(install) by extension 'ignore'
[1.060s] Level 1:colcon.colcon_core.package_identification:_identify(install) ignored
[1.060s] Level 1:colcon.colcon_core.package_identification:_identify(log) by extensions ['ignore', 'ignore_ament_install']
[1.060s] Level 1:colcon.colcon_core.package_identification:_identify(log) by extension 'ignore'
[1.061s] Level 1:colcon.colcon_core.package_identification:_identify(log) ignored
[1.061s] Level 1:colcon.colcon_core.package_identification:_identify(scripts) by extensions ['ignore', 'ignore_ament_install']
[1.061s] Level 1:colcon.colcon_core.package_identification:_identify(scripts) by extension 'ignore'
[1.061s] Level 1:colcon.colcon_core.package_identification:_identify(scripts) by extension 'ignore_ament_install'
[1.061s] Level 1:colcon.colcon_core.package_identification:_identify(scripts) by extensions ['colcon_pkg']
[1.061s] Level 1:colcon.colcon_core.package_identification:_identify(scripts) by extension 'colcon_pkg'
[1.061s] Level 1:colcon.colcon_core.package_identification:_identify(scripts) by extensions ['colcon_meta']
[1.061s] Level 1:colcon.colcon_core.package_identification:_identify(scripts) by extension 'colcon_meta'
[1.061s] Level 1:colcon.colcon_core.package_identification:_identify(scripts) by extensions ['ros']
[1.061s] Level 1:colcon.colcon_core.package_identification:_identify(scripts) by extension 'ros'
[1.062s] Level 1:colcon.colcon_core.package_identification:_identify(scripts) by extensions ['cmake', 'python']
[1.062s] Level 1:colcon.colcon_core.package_identification:_identify(scripts) by extension 'cmake'
[1.062s] Level 1:colcon.colcon_core.package_identification:_identify(scripts) by extension 'python'
[1.062s] Level 1:colcon.colcon_core.package_identification:_identify(scripts) by extensions ['python_setup_py']
[1.062s] Level 1:colcon.colcon_core.package_identification:_identify(scripts) by extension 'python_setup_py'
[1.062s] Level 1:colcon.colcon_core.package_discovery:discover_packages(recursive) using defaults
[1.062s] Level 1:colcon.colcon_core.package_discovery:discover_packages(ignore) discover
[1.062s] Level 1:colcon.colcon_core.package_discovery:discover_packages(ignore) using defaults
[1.062s] Level 1:colcon.colcon_core.package_discovery:discover_packages(path) discover
[1.062s] Level 1:colcon.colcon_core.package_discovery:discover_packages(path) using defaults
[1.128s] INFO:colcon.colcon_core.package_selection:Skipping not selected package 'camco_description' in 'camco_description'
[1.128s] INFO:colcon.colcon_core.package_selection:Skipping not selected package 'camco_launch' in 'camco_launch'
[1.157s] Level 1:colcon.colcon_core.package_discovery:discover_packages(prefix_path) check parameters
[1.157s] Level 1:colcon.colcon_core.package_discovery:discover_packages(prefix_path) discover
[1.192s] DEBUG:colcon.colcon_installed_package_information.package_discovery:Found 0 installed packages in /home/mustafa/camco_ws/install
[1.208s] DEBUG:colcon.colcon_installed_package_information.package_discovery:Found 384 installed packages in /opt/ros/humble
[1.210s] Level 1:colcon.colcon_core.package_discovery:discover_packages(prefix_path) using defaults
[1.322s] Level 5:colcon.colcon_core.verb:set package 'camco_navigation' build argument 'cmake_args' from command line to 'None'
[1.322s] Level 5:colcon.colcon_core.verb:set package 'camco_navigation' build argument 'cmake_target' from command line to 'None'
[1.322s] Level 5:colcon.colcon_core.verb:set package 'camco_navigation' build argument 'cmake_target_skip_unavailable' from command line to 'False'
[1.322s] Level 5:colcon.colcon_core.verb:set package 'camco_navigation' build argument 'cmake_clean_cache' from command line to 'False'
[1.322s] Level 5:colcon.colcon_core.verb:set package 'camco_navigation' build argument 'cmake_clean_first' from command line to 'False'
[1.322s] Level 5:colcon.colcon_core.verb:set package 'camco_navigation' build argument 'cmake_force_configure' from command line to 'False'
[1.322s] Level 5:colcon.colcon_core.verb:set package 'camco_navigation' build argument 'ament_cmake_args' from command line to 'None'
[1.322s] Level 5:colcon.colcon_core.verb:set package 'camco_navigation' build argument 'catkin_cmake_args' from command line to 'None'
[1.322s] Level 5:colcon.colcon_core.verb:set package 'camco_navigation' build argument 'catkin_skip_building_tests' from command line to 'False'
[1.323s] DEBUG:colcon.colcon_core.verb:Building package 'camco_navigation' with the following arguments: {'ament_cmake_args': None, 'build_base': '/home/mustafa/camco_ws/src/Campus-Courier/build/camco_navigation', 'catkin_cmake_args': None, 'catkin_skip_building_tests': False, 'cmake_args': None, 'cmake_clean_cache': False, 'cmake_clean_first': False, 'cmake_force_configure': False, 'cmake_target': None, 'cmake_target_skip_unavailable': False, 'install_base': '/home/mustafa/camco_ws/src/Campus-Courier/install/camco_navigation', 'merge_install': False, 'path': '/home/mustafa/camco_ws/src/Campus-Courier/camco_navigation', 'symlink_install': False, 'test_result_base': None}
[1.338s] INFO:colcon.colcon_core.executor:Executing jobs using 'parallel' executor
[1.356s] DEBUG:colcon.colcon_parallel_executor.executor.parallel:run_until_complete
[1.356s] INFO:colcon.colcon_ros.task.ament_cmake.build:Building ROS package in '/home/mustafa/camco_ws/src/Campus-Courier/camco_navigation' with build type 'ament_cmake'
[1.356s] INFO:colcon.colcon_cmake.task.cmake.build:Building CMake package in '/home/mustafa/camco_ws/src/Campus-Courier/camco_navigation'
[1.375s] INFO:colcon.colcon_core.plugin_system:Skipping extension 'colcon_core.shell.bat': Not used on non-Windows systems
[1.375s] INFO:colcon.colcon_core.shell:Skip shell extension 'powershell' for command environment: Not usable outside of PowerShell
[1.375s] DEBUG:colcon.colcon_core.shell:Skip shell extension 'dsv' for command environment
[1.447s] DEBUG:colcon.colcon_core.event_handler.log_command:Invoking command in '/home/mustafa/camco_ws/src/Campus-Courier/build/camco_navigation': CMAKE_PREFIX_PATH=/opt/ros/humble /usr/bin/cmake --build /home/mustafa/camco_ws/src/Campus-Courier/build/camco_navigation -- -j4 -l4
[1.771s] DEBUG:colcon.colcon_core.event_handler.log_command:Invoked command in '/home/mustafa/camco_ws/src/Campus-Courier/build/camco_navigation' returned '0': CMAKE_PREFIX_PATH=/opt/ros/humble /usr/bin/cmake --build /home/mustafa/camco_ws/src/Campus-Courier/build/camco_navigation -- -j4 -l4
[1.847s] DEBUG:colcon.colcon_core.event_handler.log_command:Invoking command in '/home/mustafa/camco_ws/src/Campus-Courier/build/camco_navigation': CMAKE_PREFIX_PATH=/opt/ros/humble /usr/bin/cmake --install /home/mustafa/camco_ws/src/Campus-Courier/build/camco_navigation
[1.862s] Level 1:colcon.colcon_core.environment:create_environment_scripts_only(camco_navigation)
[1.871s] DEBUG:colcon.colcon_core.event_handler.log_command:Invoked command in '/home/mustafa/camco_ws/src/Campus-Courier/build/camco_navigation' returned '0': CMAKE_PREFIX_PATH=/opt/ros/humble /usr/bin/cmake --install /home/mustafa/camco_ws/src/Campus-Courier/build/camco_navigation
[1.882s] Level 1:colcon.colcon_core.environment:checking '/home/mustafa/camco_ws/src/Campus-Courier/install/camco_navigation' for CMake module files
[1.882s] Level 1:colcon.colcon_core.environment:checking '/home/mustafa/camco_ws/src/Campus-Courier/install/camco_navigation' for CMake config files
[1.883s] Level 1:colcon.colcon_core.shell:create_environment_hook('camco_navigation', 'cmake_prefix_path')
[1.907s] INFO:colcon.colcon_core.shell:Creating environment hook '/home/mustafa/camco_ws/src/Campus-Courier/install/camco_navigation/share/camco_navigation/hook/cmake_prefix_path.ps1'
[1.908s] INFO:colcon.colcon_core.shell:Creating environment descriptor '/home/mustafa/camco_ws/src/Campus-Courier/install/camco_navigation/share/camco_navigation/hook/cmake_prefix_path.dsv'
[1.909s] INFO:colcon.colcon_core.shell:Creating environment hook '/home/mustafa/camco_ws/src/Campus-Courier/install/camco_navigation/share/camco_navigation/hook/cmake_prefix_path.sh'
[1.910s] Level 1:colcon.colcon_core.environment:checking '/home/mustafa/camco_ws/src/Campus-Courier/install/camco_navigation/bin'
[1.910s] Level 1:colcon.colcon_core.environment:checking '/home/mustafa/camco_ws/src/Campus-Courier/install/camco_navigation/lib/pkgconfig/camco_navigation.pc'
[1.911s] Level 1:colcon.colcon_core.environment:checking '/home/mustafa/camco_ws/src/Campus-Courier/install/camco_navigation/lib/python3.10/site-packages'
[1.911s] Level 1:colcon.colcon_core.environment:checking '/home/mustafa/camco_ws/src/Campus-Courier/install/camco_navigation/bin'
[1.926s] INFO:colcon.colcon_core.shell:Creating package script '/home/mustafa/camco_ws/src/Campus-Courier/install/camco_navigation/share/camco_navigation/package.ps1'
[1.927s] INFO:colcon.colcon_core.shell:Creating package descriptor '/home/mustafa/camco_ws/src/Campus-Courier/install/camco_navigation/share/camco_navigation/package.dsv'
[1.929s] INFO:colcon.colcon_core.shell:Creating package script '/home/mustafa/camco_ws/src/Campus-Courier/install/camco_navigation/share/camco_navigation/package.sh'
[1.930s] INFO:colcon.colcon_core.shell:Creating package script '/home/mustafa/camco_ws/src/Campus-Courier/install/camco_navigation/share/camco_navigation/package.bash'
[1.931s] INFO:colcon.colcon_core.shell:Creating package script '/home/mustafa/camco_ws/src/Campus-Courier/install/camco_navigation/share/camco_navigation/package.zsh'
[1.933s] Level 1:colcon.colcon_core.environment:create_file_with_runtime_dependencies(/home/mustafa/camco_ws/src/Campus-Courier/install/camco_navigation/share/colcon-core/packages/camco_navigation)
[2.007s] Level 1:colcon.colcon_core.environment:create_environment_scripts_only(camco_navigation)
[2.025s] Level 1:colcon.colcon_core.environment:checking '/home/mustafa/camco_ws/src/Campus-Courier/install/camco_navigation' for CMake module files
[2.025s] Level 1:colcon.colcon_core.environment:checking '/home/mustafa/camco_ws/src/Campus-Courier/install/camco_navigation' for CMake config files
[2.026s] Level 1:colcon.colcon_core.shell:create_environment_hook('camco_navigation', 'cmake_prefix_path')
[2.040s] INFO:colcon.colcon_core.shell:Creating environment hook '/home/mustafa/camco_ws/src/Campus-Courier/install/camco_navigation/share/camco_navigation/hook/cmake_prefix_path.ps1'
[2.041s] INFO:colcon.colcon_core.shell:Creating environment descriptor '/home/mustafa/camco_ws/src/Campus-Courier/install/camco_navigation/share/camco_navigation/hook/cmake_prefix_path.dsv'
[2.042s] INFO:colcon.colcon_core.shell:Creating environment hook '/home/mustafa/camco_ws/src/Campus-Courier/install/camco_navigation/share/camco_navigation/hook/cmake_prefix_path.sh'
[2.043s] Level 1:colcon.colcon_core.environment:checking '/home/mustafa/camco_ws/src/Campus-Courier/install/camco_navigation/bin'
[2.043s] Level 1:colcon.colcon_core.environment:checking '/home/mustafa/camco_ws/src/Campus-Courier/install/camco_navigation/lib/pkgconfig/camco_navigation.pc'
[2.044s] Level 1:colcon.colcon_core.environment:checking '/home/mustafa/camco_ws/src/Campus-Courier/install/camco_navigation/lib/python3.10/site-packages'
[2.044s] Level 1:colcon.colcon_core.environment:checking '/home/mustafa/camco_ws/src/Campus-Courier/install/camco_navigation/bin'
[2.059s] INFO:colcon.colcon_core.shell:Creating package script '/home/mustafa/camco_ws/src/Campus-Courier/install/camco_navigation/share/camco_navigation/package.ps1'
[2.060s] INFO:colcon.colcon_core.shell:Creating package descriptor '/home/mustafa/camco_ws/src/Campus-Courier/install/camco_navigation/share/camco_navigation/package.dsv'
[2.062s] INFO:colcon.colcon_core.shell:Creating package script '/home/mustafa/camco_ws/src/Campus-Courier/install/camco_navigation/share/camco_navigation/package.sh'
[2.063s] INFO:colcon.colcon_core.shell:Creating package script '/home/mustafa/camco_ws/src/Campus-Courier/install/camco_navigation/share/camco_navigation/package.bash'
[2.064s] INFO:colcon.colcon_core.shell:Creating package script '/home/mustafa/camco_ws/src/Campus-Courier/install/camco_navigation/share/camco_navigation/package.zsh'
[2.064s] Level 1:colcon.colcon_core.environment:create_file_with_runtime_dependencies(/home/mustafa/camco_ws/src/Campus-Courier/install/camco_navigation/share/colcon-core/packages/camco_navigation)
[2.066s] DEBUG:colcon.colcon_parallel_executor.executor.parallel:closing loop
[2.066s] DEBUG:colcon.colcon_parallel_executor.executor.parallel:loop closed
[2.066s] DEBUG:colcon.colcon_parallel_executor.executor.parallel:run_until_complete finished with '0'
[2.066s] DEBUG:colcon.colcon_core.event_reactor:joining thread
[2.088s] INFO:colcon.colcon_core.plugin_system:Skipping extension 'colcon_notification.desktop_notification.terminal_notifier': Not used on non-Darwin systems
[2.088s] INFO:colcon.colcon_core.plugin_system:Skipping extension 'colcon_notification.desktop_notification.win32': Not used on non-Windows systems
[2.088s] INFO:colcon.colcon_notification.desktop_notification:Sending desktop notification using 'notify2'
[2.117s] DEBUG:colcon.colcon_core.event_reactor:joined thread
[2.139s] INFO:colcon.colcon_core.shell:Creating prefix script '/home/mustafa/camco_ws/src/Campus-Courier/install/local_setup.ps1'
[2.140s] INFO:colcon.colcon_core.shell:Creating prefix util module '/home/mustafa/camco_ws/src/Campus-Courier/install/_local_setup_util_ps1.py'
[2.142s] INFO:colcon.colcon_core.shell:Creating prefix chain script '/home/mustafa/camco_ws/src/Campus-Courier/install/setup.ps1'
[2.165s] INFO:colcon.colcon_core.shell:Creating prefix script '/home/mustafa/camco_ws/src/Campus-Courier/install/local_setup.sh'
[2.166s] INFO:colcon.colcon_core.shell:Creating prefix util module '/home/mustafa/camco_ws/src/Campus-Courier/install/_local_setup_util_sh.py'
[2.167s] INFO:colcon.colcon_core.shell:Creating prefix chain script '/home/mustafa/camco_ws/src/Campus-Courier/install/setup.sh'
[2.187s] INFO:colcon.colcon_core.shell:Creating prefix script '/home/mustafa/camco_ws/src/Campus-Courier/install/local_setup.bash'
[2.188s] INFO:colcon.colcon_core.shell:Creating prefix chain script '/home/mustafa/camco_ws/src/Campus-Courier/install/setup.bash'
[2.204s] INFO:colcon.colcon_core.shell:Creating prefix script '/home/mustafa/camco_ws/src/Campus-Courier/install/local_setup.zsh'
[2.206s] INFO:colcon.colcon_core.shell:Creating prefix chain script '/home/mustafa/camco_ws/src/Campus-Courier/install/setup.zsh'
