[0.069s] Invoking command in '/home/mustafa/camco_ws/src/Campus-Courier/build/camco_navigation': CMAKE_PREFIX_PATH=/opt/ros/humble /usr/bin/cmake /home/mustafa/camco_ws/src/Campus-Courier/camco_navigation -DCMAKE_INSTALL_PREFIX=/home/mustafa/camco_ws/src/Campus-Courier/install/camco_navigation
[0.161s] -- The C compiler identification is GNU 11.4.0
[0.231s] -- The CXX compiler identification is GNU 11.4.0
[0.240s] -- Detecting C compiler ABI info
[0.434s] -- Detecting C compiler ABI info - done
[0.442s] -- Check for working C compiler: /usr/bin/cc - skipped
[0.443s] -- Detecting C compile features
[0.443s] -- Detecting C compile features - done
[0.452s] -- Detecting CXX compiler ABI info
[0.606s] -- Detecting CXX compiler ABI info - done
[0.613s] -- Check for working CXX compiler: /usr/bin/c++ - skipped
[0.613s] -- Detecting CXX compile features
[0.614s] -- Detecting CXX compile features - done
[0.616s] -- Found ament_cmake: 1.3.7 (/opt/ros/humble/share/ament_cmake/cmake)
[0.810s] -- Found Python3: /usr/bin/python3.10 (found version "3.10.12") found components: Interpreter 
[0.904s] -- Found ament_lint_auto: 0.12.10 (/opt/ros/humble/share/ament_lint_auto/cmake)
[0.981s] -- Added test 'copyright' to check source files copyright and LICENSE
[0.982s] -- Added test 'flake8' to check Python code syntax and style conventions
[0.983s] -- Added test 'lint_cmake' to check CMake code style
[0.983s] -- Added test 'pep257' to check Python code against some of the docstring style conventions in PEP 257
[0.984s] -- Added test 'xmllint' to check XML markup files
[0.985s] -- Configuring done
[0.989s] -- Generating done
[0.990s] -- Build files have been written to: /home/mustafa/camco_ws/src/Campus-Courier/build/camco_navigation
[0.998s] Invoked command in '/home/mustafa/camco_ws/src/Campus-Courier/build/camco_navigation' returned '0': CMAKE_PREFIX_PATH=/opt/ros/humble /usr/bin/cmake /home/mustafa/camco_ws/src/Campus-Courier/camco_navigation -DCMAKE_INSTALL_PREFIX=/home/mustafa/camco_ws/src/Campus-Courier/install/camco_navigation
[0.999s] Invoking command in '/home/mustafa/camco_ws/src/Campus-Courier/build/camco_navigation': CMAKE_PREFIX_PATH=/opt/ros/humble /usr/bin/cmake --build /home/mustafa/camco_ws/src/Campus-Courier/build/camco_navigation -- -j4 -l4
[1.062s] Invoked command in '/home/mustafa/camco_ws/src/Campus-Courier/build/camco_navigation' returned '0': CMAKE_PREFIX_PATH=/opt/ros/humble /usr/bin/cmake --build /home/mustafa/camco_ws/src/Campus-Courier/build/camco_navigation -- -j4 -l4
[1.144s] Invoking command in '/home/mustafa/camco_ws/src/Campus-Courier/build/camco_navigation': CMAKE_PREFIX_PATH=/opt/ros/humble /usr/bin/cmake --install /home/mustafa/camco_ws/src/Campus-Courier/build/camco_navigation
[1.152s] -- Install configuration: ""
[1.152s] -- Up-to-date: /home/mustafa/camco_ws/src/Campus-Courier/install/camco_navigation/share/camco_navigation/config
[1.152s] -- Installing: /home/mustafa/camco_ws/src/Campus-Courier/install/camco_navigation/share/camco_navigation/config/slam.yaml
[1.152s] -- Up-to-date: /home/mustafa/camco_ws/src/Campus-Courier/install/camco_navigation/share/camco_navigation/launch
[1.152s] -- Installing: /home/mustafa/camco_ws/src/Campus-Courier/install/camco_navigation/share/camco_navigation/launch/slam.launch.py
[1.153s] -- Installing: /home/mustafa/camco_ws/src/Campus-Courier/install/camco_navigation/share/camco_navigation/maps
[1.153s] -- Installing: /home/mustafa/camco_ws/src/Campus-Courier/install/camco_navigation/share/ament_index/resource_index/package_run_dependencies/camco_navigation
[1.153s] -- Installing: /home/mustafa/camco_ws/src/Campus-Courier/install/camco_navigation/share/ament_index/resource_index/parent_prefix_path/camco_navigation
[1.153s] -- Installing: /home/mustafa/camco_ws/src/Campus-Courier/install/camco_navigation/share/camco_navigation/environment/ament_prefix_path.sh
[1.153s] -- Installing: /home/mustafa/camco_ws/src/Campus-Courier/install/camco_navigation/share/camco_navigation/environment/ament_prefix_path.dsv
[1.154s] -- Installing: /home/mustafa/camco_ws/src/Campus-Courier/install/camco_navigation/share/camco_navigation/environment/path.sh
[1.154s] -- Installing: /home/mustafa/camco_ws/src/Campus-Courier/install/camco_navigation/share/camco_navigation/environment/path.dsv
[1.154s] -- Installing: /home/mustafa/camco_ws/src/Campus-Courier/install/camco_navigation/share/camco_navigation/local_setup.bash
[1.154s] -- Installing: /home/mustafa/camco_ws/src/Campus-Courier/install/camco_navigation/share/camco_navigation/local_setup.sh
[1.155s] -- Installing: /home/mustafa/camco_ws/src/Campus-Courier/install/camco_navigation/share/camco_navigation/local_setup.zsh
[1.155s] -- Installing: /home/mustafa/camco_ws/src/Campus-Courier/install/camco_navigation/share/camco_navigation/local_setup.dsv
[1.155s] -- Installing: /home/mustafa/camco_ws/src/Campus-Courier/install/camco_navigation/share/camco_navigation/package.dsv
[1.155s] -- Installing: /home/mustafa/camco_ws/src/Campus-Courier/install/camco_navigation/share/ament_index/resource_index/packages/camco_navigation
[1.155s] -- Installing: /home/mustafa/camco_ws/src/Campus-Courier/install/camco_navigation/share/camco_navigation/cmake/camco_navigationConfig.cmake
[1.155s] -- Installing: /home/mustafa/camco_ws/src/Campus-Courier/install/camco_navigation/share/camco_navigation/cmake/camco_navigationConfig-version.cmake
[1.155s] -- Installing: /home/mustafa/camco_ws/src/Campus-Courier/install/camco_navigation/share/camco_navigation/package.xml
[1.160s] Invoked command in '/home/mustafa/camco_ws/src/Campus-Courier/build/camco_navigation' returned '0': CMAKE_PREFIX_PATH=/opt/ros/humble /usr/bin/cmake --install /home/mustafa/camco_ws/src/Campus-Courier/build/camco_navigation
