[0.066s] Invoking command in '/home/mustafa/camco_ws/src/Campus-Courier/build/camco_navigation': CMAKE_PREFIX_PATH=/opt/ros/humble /usr/bin/cmake --build /home/mustafa/camco_ws/src/Campus-Courier/build/camco_navigation -- -j4 -l4
[0.324s] Invoked command in '/home/mustafa/camco_ws/src/Campus-Courier/build/camco_navigation' returned '0': CMAKE_PREFIX_PATH=/opt/ros/humble /usr/bin/cmake --build /home/mustafa/camco_ws/src/Campus-Courier/build/camco_navigation -- -j4 -l4
[0.397s] Invoking command in '/home/mustafa/camco_ws/src/Campus-Courier/build/camco_navigation': CMAKE_PREFIX_PATH=/opt/ros/humble /usr/bin/cmake --install /home/mustafa/camco_ws/src/Campus-Courier/build/camco_navigation
[0.408s] -- Install configuration: ""
[0.408s] -- Up-to-date: /home/mustafa/camco_ws/src/Campus-Courier/install/camco_navigation/share/camco_navigation/config
[0.409s] -- Up-to-date: /home/mustafa/camco_ws/src/Campus-Courier/install/camco_navigation/share/camco_navigation/config/slam.yaml
[0.409s] -- Up-to-date: /home/mustafa/camco_ws/src/Campus-Courier/install/camco_navigation/share/camco_navigation/launch
[0.409s] -- Up-to-date: /home/mustafa/camco_ws/src/Campus-Courier/install/camco_navigation/share/camco_navigation/launch/slam.launch.py
[0.409s] -- Up-to-date: /home/mustafa/camco_ws/src/Campus-Courier/install/camco_navigation/share/camco_navigation/maps
[0.409s] -- Up-to-date: /home/mustafa/camco_ws/src/Campus-Courier/install/camco_navigation/share/ament_index/resource_index/package_run_dependencies/camco_navigation
[0.409s] -- Up-to-date: /home/mustafa/camco_ws/src/Campus-Courier/install/camco_navigation/share/ament_index/resource_index/parent_prefix_path/camco_navigation
[0.409s] -- Up-to-date: /home/mustafa/camco_ws/src/Campus-Courier/install/camco_navigation/share/camco_navigation/environment/ament_prefix_path.sh
[0.409s] -- Up-to-date: /home/mustafa/camco_ws/src/Campus-Courier/install/camco_navigation/share/camco_navigation/environment/ament_prefix_path.dsv
[0.409s] -- Up-to-date: /home/mustafa/camco_ws/src/Campus-Courier/install/camco_navigation/share/camco_navigation/environment/path.sh
[0.409s] -- Up-to-date: /home/mustafa/camco_ws/src/Campus-Courier/install/camco_navigation/share/camco_navigation/environment/path.dsv
[0.410s] -- Up-to-date: /home/mustafa/camco_ws/src/Campus-Courier/install/camco_navigation/share/camco_navigation/local_setup.bash
[0.410s] -- Up-to-date: /home/mustafa/camco_ws/src/Campus-Courier/install/camco_navigation/share/camco_navigation/local_setup.sh
[0.410s] -- Up-to-date: /home/mustafa/camco_ws/src/Campus-Courier/install/camco_navigation/share/camco_navigation/local_setup.zsh
[0.411s] -- Up-to-date: /home/mustafa/camco_ws/src/Campus-Courier/install/camco_navigation/share/camco_navigation/local_setup.dsv
[0.411s] -- Up-to-date: /home/mustafa/camco_ws/src/Campus-Courier/install/camco_navigation/share/camco_navigation/package.dsv
[0.411s] -- Up-to-date: /home/mustafa/camco_ws/src/Campus-Courier/install/camco_navigation/share/ament_index/resource_index/packages/camco_navigation
[0.411s] -- Up-to-date: /home/mustafa/camco_ws/src/Campus-Courier/install/camco_navigation/share/camco_navigation/cmake/camco_navigationConfig.cmake
[0.412s] -- Up-to-date: /home/mustafa/camco_ws/src/Campus-Courier/install/camco_navigation/share/camco_navigation/cmake/camco_navigationConfig-version.cmake
[0.412s] -- Up-to-date: /home/mustafa/camco_ws/src/Campus-Courier/install/camco_navigation/share/camco_navigation/package.xml
[0.412s] Invoked command in '/home/mustafa/camco_ws/src/Campus-Courier/build/camco_navigation' returned '0': CMAKE_PREFIX_PATH=/opt/ros/humble /usr/bin/cmake --install /home/mustafa/camco_ws/src/Campus-Courier/build/camco_navigation
