[0.237s] DEBUG:colcon:Command line arguments: ['/usr/bin/colcon', 'list', '-p', '--base-paths', '/home/patrolscouts/camco_ws/src/Campus-Courier']
[0.238s] DEBUG:colcon:Parsed command line arguments: Namespace(log_base=None, log_level=None, verb_name='list', build_base='build', ignore_user_meta=False, metas=['./colcon.meta'], base_paths=['/home/patrolscouts/camco_ws/src/Campus-Courier'], packages_ignore=None, packages_ignore_regex=None, paths=None, packages_up_to=None, packages_up_to_regex=None, packages_above=None, packages_above_and_dependencies=None, packages_above_depth=None, packages_select_by_dep=None, packages_skip_by_dep=None, packages_skip_up_to=None, packages_select_build_failed=False, packages_skip_build_finished=False, packages_select_test_failures=False, packages_skip_test_passed=False, packages_select=None, packages_skip=None, packages_select_regex=None, packages_skip_regex=None, packages_start=None, packages_end=None, allow_overriding=[], topological_order=False, names_only=False, paths_only=True, topological_graph=False, topological_graph_dot=False, topological_graph_density=False, topological_graph_legend=False, topological_graph_dot_cluster=False, topological_graph_dot_include_skipped=False, verb_parser=<colcon_defaults.argument_parser.defaults.DefaultArgumentsDecorator object at 0x7f13ce34f760>, verb_extension=<colcon_package_information.verb.list.ListVerb object at 0x7f13ce34e830>, main=<bound method ListVerb.main of <colcon_package_information.verb.list.ListVerb object at 0x7f13ce34e830>>)
[0.334s] Level 1:colcon.colcon_core.package_discovery:discover_packages(colcon_meta) check parameters
[0.334s] Level 1:colcon.colcon_core.package_discovery:discover_packages(recursive) check parameters
[0.334s] Level 1:colcon.colcon_core.package_discovery:discover_packages(ignore) check parameters
[0.334s] Level 1:colcon.colcon_core.package_discovery:discover_packages(path) check parameters
[0.335s] Level 1:colcon.colcon_core.package_discovery:discover_packages(recursive) discover
[0.335s] INFO:colcon.colcon_core.package_discovery:Crawling recursively for packages in '/home/patrolscouts/camco_ws/src/Campus-Courier'
[0.335s] Level 1:colcon.colcon_core.package_identification:_identify(/home/patrolscouts/camco_ws/src/Campus-Courier) by extensions ['ignore', 'ignore_ament_install']
[0.335s] Level 1:colcon.colcon_core.package_identification:_identify(/home/patrolscouts/camco_ws/src/Campus-Courier) by extension 'ignore'
[0.335s] Level 1:colcon.colcon_core.package_identification:_identify(/home/patrolscouts/camco_ws/src/Campus-Courier) by extension 'ignore_ament_install'
[0.336s] Level 1:colcon.colcon_core.package_identification:_identify(/home/patrolscouts/camco_ws/src/Campus-Courier) by extensions ['colcon_pkg']
[0.336s] Level 1:colcon.colcon_core.package_identification:_identify(/home/patrolscouts/camco_ws/src/Campus-Courier) by extension 'colcon_pkg'
[0.336s] Level 1:colcon.colcon_core.package_identification:_identify(/home/patrolscouts/camco_ws/src/Campus-Courier) by extensions ['colcon_meta']
[0.336s] Level 1:colcon.colcon_core.package_identification:_identify(/home/patrolscouts/camco_ws/src/Campus-Courier) by extension 'colcon_meta'
[0.336s] Level 1:colcon.colcon_core.package_identification:_identify(/home/patrolscouts/camco_ws/src/Campus-Courier) by extensions ['ros']
[0.336s] Level 1:colcon.colcon_core.package_identification:_identify(/home/patrolscouts/camco_ws/src/Campus-Courier) by extension 'ros'
[0.371s] Level 1:colcon.colcon_core.package_identification:_identify(/home/patrolscouts/camco_ws/src/Campus-Courier) by extensions ['cmake', 'python']
[0.371s] Level 1:colcon.colcon_core.package_identification:_identify(/home/patrolscouts/camco_ws/src/Campus-Courier) by extension 'cmake'
[0.371s] Level 1:colcon.colcon_core.package_identification:_identify(/home/patrolscouts/camco_ws/src/Campus-Courier) by extension 'python'
[0.371s] Level 1:colcon.colcon_core.package_identification:_identify(/home/patrolscouts/camco_ws/src/Campus-Courier) by extensions ['python_setup_py']
[0.371s] Level 1:colcon.colcon_core.package_identification:_identify(/home/patrolscouts/camco_ws/src/Campus-Courier) by extension 'python_setup_py'
[0.371s] Level 1:colcon.colcon_core.package_identification:_identify(/home/patrolscouts/camco_ws/src/Campus-Courier/camco_description) by extensions ['ignore', 'ignore_ament_install']
[0.372s] Level 1:colcon.colcon_core.package_identification:_identify(/home/patrolscouts/camco_ws/src/Campus-Courier/camco_description) by extension 'ignore'
[0.372s] Level 1:colcon.colcon_core.package_identification:_identify(/home/patrolscouts/camco_ws/src/Campus-Courier/camco_description) by extension 'ignore_ament_install'
[0.372s] Level 1:colcon.colcon_core.package_identification:_identify(/home/patrolscouts/camco_ws/src/Campus-Courier/camco_description) by extensions ['colcon_pkg']
[0.372s] Level 1:colcon.colcon_core.package_identification:_identify(/home/patrolscouts/camco_ws/src/Campus-Courier/camco_description) by extension 'colcon_pkg'
[0.372s] Level 1:colcon.colcon_core.package_identification:_identify(/home/patrolscouts/camco_ws/src/Campus-Courier/camco_description) by extensions ['colcon_meta']
[0.372s] Level 1:colcon.colcon_core.package_identification:_identify(/home/patrolscouts/camco_ws/src/Campus-Courier/camco_description) by extension 'colcon_meta'
[0.372s] Level 1:colcon.colcon_core.package_identification:_identify(/home/patrolscouts/camco_ws/src/Campus-Courier/camco_description) by extensions ['ros']
[0.372s] Level 1:colcon.colcon_core.package_identification:_identify(/home/patrolscouts/camco_ws/src/Campus-Courier/camco_description) by extension 'ros'
[0.378s] DEBUG:colcon.colcon_core.package_identification:Package '/home/patrolscouts/camco_ws/src/Campus-Courier/camco_description' with type 'ros.ament_cmake' and name 'camco_description'
[0.378s] Level 1:colcon.colcon_core.package_identification:_identify(/home/patrolscouts/camco_ws/src/Campus-Courier/camco_launch) by extensions ['ignore', 'ignore_ament_install']
[0.378s] Level 1:colcon.colcon_core.package_identification:_identify(/home/patrolscouts/camco_ws/src/Campus-Courier/camco_launch) by extension 'ignore'
[0.378s] Level 1:colcon.colcon_core.package_identification:_identify(/home/patrolscouts/camco_ws/src/Campus-Courier/camco_launch) by extension 'ignore_ament_install'
[0.379s] Level 1:colcon.colcon_core.package_identification:_identify(/home/patrolscouts/camco_ws/src/Campus-Courier/camco_launch) by extensions ['colcon_pkg']
[0.379s] Level 1:colcon.colcon_core.package_identification:_identify(/home/patrolscouts/camco_ws/src/Campus-Courier/camco_launch) by extension 'colcon_pkg'
[0.379s] Level 1:colcon.colcon_core.package_identification:_identify(/home/patrolscouts/camco_ws/src/Campus-Courier/camco_launch) by extensions ['colcon_meta']
[0.379s] Level 1:colcon.colcon_core.package_identification:_identify(/home/patrolscouts/camco_ws/src/Campus-Courier/camco_launch) by extension 'colcon_meta'
[0.379s] Level 1:colcon.colcon_core.package_identification:_identify(/home/patrolscouts/camco_ws/src/Campus-Courier/camco_launch) by extensions ['ros']
[0.379s] Level 1:colcon.colcon_core.package_identification:_identify(/home/patrolscouts/camco_ws/src/Campus-Courier/camco_launch) by extension 'ros'
[0.380s] DEBUG:colcon.colcon_core.package_identification:Package '/home/patrolscouts/camco_ws/src/Campus-Courier/camco_launch' with type 'ros.ament_cmake' and name 'camco_launch'
[0.380s] Level 1:colcon.colcon_core.package_identification:_identify(/home/patrolscouts/camco_ws/src/Campus-Courier/camco_navigation) by extensions ['ignore', 'ignore_ament_install']
[0.381s] Level 1:colcon.colcon_core.package_identification:_identify(/home/patrolscouts/camco_ws/src/Campus-Courier/camco_navigation) by extension 'ignore'
[0.381s] Level 1:colcon.colcon_core.package_identification:_identify(/home/patrolscouts/camco_ws/src/Campus-Courier/camco_navigation) by extension 'ignore_ament_install'
[0.381s] Level 1:colcon.colcon_core.package_identification:_identify(/home/patrolscouts/camco_ws/src/Campus-Courier/camco_navigation) by extensions ['colcon_pkg']
[0.381s] Level 1:colcon.colcon_core.package_identification:_identify(/home/patrolscouts/camco_ws/src/Campus-Courier/camco_navigation) by extension 'colcon_pkg'
[0.381s] Level 1:colcon.colcon_core.package_identification:_identify(/home/patrolscouts/camco_ws/src/Campus-Courier/camco_navigation) by extensions ['colcon_meta']
[0.381s] Level 1:colcon.colcon_core.package_identification:_identify(/home/patrolscouts/camco_ws/src/Campus-Courier/camco_navigation) by extension 'colcon_meta'
[0.381s] Level 1:colcon.colcon_core.package_identification:_identify(/home/patrolscouts/camco_ws/src/Campus-Courier/camco_navigation) by extensions ['ros']
[0.381s] Level 1:colcon.colcon_core.package_identification:_identify(/home/patrolscouts/camco_ws/src/Campus-Courier/camco_navigation) by extension 'ros'
[0.383s] DEBUG:colcon.colcon_core.package_identification:Package '/home/patrolscouts/camco_ws/src/Campus-Courier/camco_navigation' with type 'ros.ament_cmake' and name 'camco_navigation'
[0.383s] Level 1:colcon.colcon_core.package_identification:_identify(/home/patrolscouts/camco_ws/src/Campus-Courier/log) by extensions ['ignore', 'ignore_ament_install']
[0.383s] Level 1:colcon.colcon_core.package_identification:_identify(/home/patrolscouts/camco_ws/src/Campus-Courier/log) by extension 'ignore'
[0.383s] Level 1:colcon.colcon_core.package_identification:_identify(/home/patrolscouts/camco_ws/src/Campus-Courier/log) ignored
[0.384s] Level 1:colcon.colcon_core.package_identification:_identify(/home/patrolscouts/camco_ws/src/Campus-Courier/scripts) by extensions ['ignore', 'ignore_ament_install']
[0.384s] Level 1:colcon.colcon_core.package_identification:_identify(/home/patrolscouts/camco_ws/src/Campus-Courier/scripts) by extension 'ignore'
[0.384s] Level 1:colcon.colcon_core.package_identification:_identify(/home/patrolscouts/camco_ws/src/Campus-Courier/scripts) by extension 'ignore_ament_install'
[0.384s] Level 1:colcon.colcon_core.package_identification:_identify(/home/patrolscouts/camco_ws/src/Campus-Courier/scripts) by extensions ['colcon_pkg']
[0.384s] Level 1:colcon.colcon_core.package_identification:_identify(/home/patrolscouts/camco_ws/src/Campus-Courier/scripts) by extension 'colcon_pkg'
[0.384s] Level 1:colcon.colcon_core.package_identification:_identify(/home/patrolscouts/camco_ws/src/Campus-Courier/scripts) by extensions ['colcon_meta']
[0.384s] Level 1:colcon.colcon_core.package_identification:_identify(/home/patrolscouts/camco_ws/src/Campus-Courier/scripts) by extension 'colcon_meta'
[0.385s] Level 1:colcon.colcon_core.package_identification:_identify(/home/patrolscouts/camco_ws/src/Campus-Courier/scripts) by extensions ['ros']
[0.385s] Level 1:colcon.colcon_core.package_identification:_identify(/home/patrolscouts/camco_ws/src/Campus-Courier/scripts) by extension 'ros'
[0.385s] Level 1:colcon.colcon_core.package_identification:_identify(/home/patrolscouts/camco_ws/src/Campus-Courier/scripts) by extensions ['cmake', 'python']
[0.385s] Level 1:colcon.colcon_core.package_identification:_identify(/home/patrolscouts/camco_ws/src/Campus-Courier/scripts) by extension 'cmake'
[0.385s] Level 1:colcon.colcon_core.package_identification:_identify(/home/patrolscouts/camco_ws/src/Campus-Courier/scripts) by extension 'python'
[0.385s] Level 1:colcon.colcon_core.package_identification:_identify(/home/patrolscouts/camco_ws/src/Campus-Courier/scripts) by extensions ['python_setup_py']
[0.385s] Level 1:colcon.colcon_core.package_identification:_identify(/home/patrolscouts/camco_ws/src/Campus-Courier/scripts) by extension 'python_setup_py'
[0.385s] Level 1:colcon.colcon_core.package_discovery:discover_packages(recursive) using defaults
