[0.087s] Invoking command in '/home/mustafa/camco_ws/src/Campus-Courier/build/camco_navigation': CMAKE_PREFIX_PATH=/opt/ros/humble /usr/bin/cmake --build /home/mustafa/camco_ws/src/Campus-Courier/build/camco_navigation -- -j4 -l4
[0.117s] -- Found ament_cmake: 1.3.7 (/opt/ros/humble/share/ament_cmake/cmake)
[0.284s] -- Found ament_lint_auto: 0.12.10 (/opt/ros/humble/share/ament_lint_auto/cmake)
[0.363s] -- Added test 'copyright' to check source files copyright and LICENSE
[0.365s] -- Added test 'flake8' to check Python code syntax and style conventions
[0.366s] -- Added test 'lint_cmake' to check CMake code style
[0.366s] -- Added test 'pep257' to check Python code against some of the docstring style conventions in PEP 257
[0.367s] -- Added test 'xmllint' to check XML markup files
[0.368s] -- Configuring done
[0.376s] -- Generating done
[0.378s] -- Build files have been written to: /home/mustafa/camco_ws/src/Campus-Courier/build/camco_navigation
[0.411s] Invoked command in '/home/mustafa/camco_ws/src/Campus-Courier/build/camco_navigation' returned '0': CMAKE_PREFIX_PATH=/opt/ros/humble /usr/bin/cmake --build /home/mustafa/camco_ws/src/Campus-Courier/build/camco_navigation -- -j4 -l4
[0.487s] Invoking command in '/home/mustafa/camco_ws/src/Campus-Courier/build/camco_navigation': CMAKE_PREFIX_PATH=/opt/ros/humble /usr/bin/cmake --install /home/mustafa/camco_ws/src/Campus-Courier/build/camco_navigation
[0.497s] -- Install configuration: ""
[0.497s] -- Up-to-date: /home/mustafa/camco_ws/src/Campus-Courier/install/camco_navigation/share/camco_navigation/config
[0.497s] -- Installing: /home/mustafa/camco_ws/src/Campus-Courier/install/camco_navigation/share/camco_navigation/config/nav2.yaml
[0.498s] -- Up-to-date: /home/mustafa/camco_ws/src/Campus-Courier/install/camco_navigation/share/camco_navigation/config/slam.yaml
[0.498s] -- Up-to-date: /home/mustafa/camco_ws/src/Campus-Courier/install/camco_navigation/share/camco_navigation/launch
[0.498s] -- Up-to-date: /home/mustafa/camco_ws/src/Campus-Courier/install/camco_navigation/share/camco_navigation/launch/slam.launch.py
[0.499s] -- Installing: /home/mustafa/camco_ws/src/Campus-Courier/install/camco_navigation/share/camco_navigation/launch/nav2.launch.py
[0.499s] -- Up-to-date: /home/mustafa/camco_ws/src/Campus-Courier/install/camco_navigation/share/camco_navigation/maps
[0.499s] -- Installing: /home/mustafa/camco_ws/src/Campus-Courier/install/camco_navigation/share/ament_index/resource_index/package_run_dependencies/camco_navigation
[0.499s] -- Up-to-date: /home/mustafa/camco_ws/src/Campus-Courier/install/camco_navigation/share/ament_index/resource_index/parent_prefix_path/camco_navigation
[0.499s] -- Up-to-date: /home/mustafa/camco_ws/src/Campus-Courier/install/camco_navigation/share/camco_navigation/environment/ament_prefix_path.sh
[0.499s] -- Installing: /home/mustafa/camco_ws/src/Campus-Courier/install/camco_navigation/share/camco_navigation/environment/ament_prefix_path.dsv
[0.499s] -- Up-to-date: /home/mustafa/camco_ws/src/Campus-Courier/install/camco_navigation/share/camco_navigation/environment/path.sh
[0.500s] -- Installing: /home/mustafa/camco_ws/src/Campus-Courier/install/camco_navigation/share/camco_navigation/environment/path.dsv
[0.500s] -- Up-to-date: /home/mustafa/camco_ws/src/Campus-Courier/install/camco_navigation/share/camco_navigation/local_setup.bash
[0.500s] -- Up-to-date: /home/mustafa/camco_ws/src/Campus-Courier/install/camco_navigation/share/camco_navigation/local_setup.sh
[0.500s] -- Up-to-date: /home/mustafa/camco_ws/src/Campus-Courier/install/camco_navigation/share/camco_navigation/local_setup.zsh
[0.500s] -- Installing: /home/mustafa/camco_ws/src/Campus-Courier/install/camco_navigation/share/camco_navigation/local_setup.dsv
[0.501s] -- Installing: /home/mustafa/camco_ws/src/Campus-Courier/install/camco_navigation/share/camco_navigation/package.dsv
[0.501s] -- Up-to-date: /home/mustafa/camco_ws/src/Campus-Courier/install/camco_navigation/share/ament_index/resource_index/packages/camco_navigation
[0.501s] -- Up-to-date: /home/mustafa/camco_ws/src/Campus-Courier/install/camco_navigation/share/camco_navigation/cmake/camco_navigationConfig.cmake
[0.501s] -- Up-to-date: /home/mustafa/camco_ws/src/Campus-Courier/install/camco_navigation/share/camco_navigation/cmake/camco_navigationConfig-version.cmake
[0.501s] -- Installing: /home/mustafa/camco_ws/src/Campus-Courier/install/camco_navigation/share/camco_navigation/package.xml
[0.511s] Invoked command in '/home/mustafa/camco_ws/src/Campus-Courier/build/camco_navigation' returned '0': CMAKE_PREFIX_PATH=/opt/ros/humble /usr/bin/cmake --install /home/mustafa/camco_ws/src/Campus-Courier/build/camco_navigation
