[1.064s] DEBUG:colcon:Command line arguments: ['/usr/bin/colcon', 'build', '--packages-select', 'camco_navigation']
[1.064s] DEBUG:colcon:Parsed command line arguments: Namespace(log_base=None, log_level=None, verb_name='build', build_base='build', install_base='install', merge_install=False, symlink_install=False, test_result_base=None, continue_on_error=False, executor='parallel', parallel_workers=4, event_handlers=None, ignore_user_meta=False, metas=['./colcon.meta'], base_paths=['.'], packages_ignore=None, packages_ignore_regex=None, paths=None, packages_up_to=None, packages_up_to_regex=None, packages_above=None, packages_above_and_dependencies=None, packages_above_depth=None, packages_select_by_dep=None, packages_skip_by_dep=None, packages_skip_up_to=None, packages_select_build_failed=False, packages_skip_build_finished=False, packages_select_test_failures=False, packages_skip_test_passed=False, packages_select=['camco_navigation'], packages_skip=None, packages_select_regex=None, packages_skip_regex=None, packages_start=None, packages_end=None, allow_overriding=[], cmake_args=None, cmake_target=None, cmake_target_skip_unavailable=False, cmake_clean_cache=False, cmake_clean_first=False, cmake_force_configure=False, ament_cmake_args=None, catkin_cmake_args=None, catkin_skip_building_tests=False, verb_parser=<colcon_defaults.argument_parser.defaults.DefaultArgumentsDecorator object at 0x7fb36ee3c580>, verb_extension=<colcon_core.verb.build.BuildVerb object at 0x7fb36f2db940>, main=<bound method BuildVerb.main of <colcon_core.verb.build.BuildVerb object at 0x7fb36f2db940>>)
[1.115s] Level 1:colcon.colcon_core.package_discovery:discover_packages(colcon_meta) check parameters
[1.115s] Level 1:colcon.colcon_core.package_discovery:discover_packages(recursive) check parameters
[1.115s] Level 1:colcon.colcon_core.package_discovery:discover_packages(ignore) check parameters
[1.115s] Level 1:colcon.colcon_core.package_discovery:discover_packages(path) check parameters
[1.115s] Level 1:colcon.colcon_core.package_discovery:discover_packages(colcon_meta) discover
[1.115s] Level 1:colcon.colcon_core.package_discovery:discover_packages(recursive) discover
[1.115s] INFO:colcon.colcon_core.package_discovery:Crawling recursively for packages in '/home/mustafa/camco_ws/src/Campus-Courier'
[1.116s] Level 1:colcon.colcon_core.package_identification:_identify(.) by extensions ['ignore', 'ignore_ament_install']
[1.116s] Level 1:colcon.colcon_core.package_identification:_identify(.) by extension 'ignore'
[1.116s] Level 1:colcon.colcon_core.package_identification:_identify(.) by extension 'ignore_ament_install'
[1.116s] Level 1:colcon.colcon_core.package_identification:_identify(.) by extensions ['colcon_pkg']
[1.116s] Level 1:colcon.colcon_core.package_identification:_identify(.) by extension 'colcon_pkg'
[1.116s] Level 1:colcon.colcon_core.package_identification:_identify(.) by extensions ['colcon_meta']
[1.116s] Level 1:colcon.colcon_core.package_identification:_identify(.) by extension 'colcon_meta'
[1.116s] Level 1:colcon.colcon_core.package_identification:_identify(.) by extensions ['ros']
[1.116s] Level 1:colcon.colcon_core.package_identification:_identify(.) by extension 'ros'
[1.133s] Level 1:colcon.colcon_core.package_identification:_identify(.) by extensions ['cmake', 'python']
[1.133s] Level 1:colcon.colcon_core.package_identification:_identify(.) by extension 'cmake'
[1.133s] Level 1:colcon.colcon_core.package_identification:_identify(.) by extension 'python'
[1.133s] Level 1:colcon.colcon_core.package_identification:_identify(.) by extensions ['python_setup_py']
[1.133s] Level 1:colcon.colcon_core.package_identification:_identify(.) by extension 'python_setup_py'
[1.133s] Level 1:colcon.colcon_core.package_identification:_identify(build) by extensions ['ignore', 'ignore_ament_install']
[1.134s] Level 1:colcon.colcon_core.package_identification:_identify(build) by extension 'ignore'
[1.134s] Level 1:colcon.colcon_core.package_identification:_identify(build) ignored
[1.134s] Level 1:colcon.colcon_core.package_identification:_identify(camco_description) by extensions ['ignore', 'ignore_ament_install']
[1.134s] Level 1:colcon.colcon_core.package_identification:_identify(camco_description) by extension 'ignore'
[1.134s] Level 1:colcon.colcon_core.package_identification:_identify(camco_description) by extension 'ignore_ament_install'
[1.134s] Level 1:colcon.colcon_core.package_identification:_identify(camco_description) by extensions ['colcon_pkg']
[1.135s] Level 1:colcon.colcon_core.package_identification:_identify(camco_description) by extension 'colcon_pkg'
[1.135s] Level 1:colcon.colcon_core.package_identification:_identify(camco_description) by extensions ['colcon_meta']
[1.135s] Level 1:colcon.colcon_core.package_identification:_identify(camco_description) by extension 'colcon_meta'
[1.135s] Level 1:colcon.colcon_core.package_identification:_identify(camco_description) by extensions ['ros']
[1.135s] Level 1:colcon.colcon_core.package_identification:_identify(camco_description) by extension 'ros'
[1.137s] DEBUG:colcon.colcon_core.package_identification:Package 'camco_description' with type 'ros.ament_cmake' and name 'camco_description'
[1.137s] Level 1:colcon.colcon_core.package_identification:_identify(camco_launch) by extensions ['ignore', 'ignore_ament_install']
[1.138s] Level 1:colcon.colcon_core.package_identification:_identify(camco_launch) by extension 'ignore'
[1.138s] Level 1:colcon.colcon_core.package_identification:_identify(camco_launch) by extension 'ignore_ament_install'
[1.138s] Level 1:colcon.colcon_core.package_identification:_identify(camco_launch) by extensions ['colcon_pkg']
[1.138s] Level 1:colcon.colcon_core.package_identification:_identify(camco_launch) by extension 'colcon_pkg'
[1.138s] Level 1:colcon.colcon_core.package_identification:_identify(camco_launch) by extensions ['colcon_meta']
[1.138s] Level 1:colcon.colcon_core.package_identification:_identify(camco_launch) by extension 'colcon_meta'
[1.138s] Level 1:colcon.colcon_core.package_identification:_identify(camco_launch) by extensions ['ros']
[1.138s] Level 1:colcon.colcon_core.package_identification:_identify(camco_launch) by extension 'ros'
[1.139s] DEBUG:colcon.colcon_core.package_identification:Package 'camco_launch' with type 'ros.ament_cmake' and name 'camco_launch'
[1.139s] Level 1:colcon.colcon_core.package_identification:_identify(camco_navigation) by extensions ['ignore', 'ignore_ament_install']
[1.139s] Level 1:colcon.colcon_core.package_identification:_identify(camco_navigation) by extension 'ignore'
[1.139s] Level 1:colcon.colcon_core.package_identification:_identify(camco_navigation) by extension 'ignore_ament_install'
[1.139s] Level 1:colcon.colcon_core.package_identification:_identify(camco_navigation) by extensions ['colcon_pkg']
[1.139s] Level 1:colcon.colcon_core.package_identification:_identify(camco_navigation) by extension 'colcon_pkg'
[1.139s] Level 1:colcon.colcon_core.package_identification:_identify(camco_navigation) by extensions ['colcon_meta']
[1.139s] Level 1:colcon.colcon_core.package_identification:_identify(camco_navigation) by extension 'colcon_meta'
[1.139s] Level 1:colcon.colcon_core.package_identification:_identify(camco_navigation) by extensions ['ros']
[1.139s] Level 1:colcon.colcon_core.package_identification:_identify(camco_navigation) by extension 'ros'
[1.140s] DEBUG:colcon.colcon_core.package_identification:Package 'camco_navigation' with type 'ros.ament_cmake' and name 'camco_navigation'
[1.140s] Level 1:colcon.colcon_core.package_identification:_identify(install) by extensions ['ignore', 'ignore_ament_install']
[1.140s] Level 1:colcon.colcon_core.package_identification:_identify(install) by extension 'ignore'
[1.140s] Level 1:colcon.colcon_core.package_identification:_identify(install) ignored
[1.140s] Level 1:colcon.colcon_core.package_identification:_identify(log) by extensions ['ignore', 'ignore_ament_install']
[1.140s] Level 1:colcon.colcon_core.package_identification:_identify(log) by extension 'ignore'
[1.140s] Level 1:colcon.colcon_core.package_identification:_identify(log) ignored
[1.140s] Level 1:colcon.colcon_core.package_identification:_identify(scripts) by extensions ['ignore', 'ignore_ament_install']
[1.141s] Level 1:colcon.colcon_core.package_identification:_identify(scripts) by extension 'ignore'
[1.141s] Level 1:colcon.colcon_core.package_identification:_identify(scripts) by extension 'ignore_ament_install'
[1.141s] Level 1:colcon.colcon_core.package_identification:_identify(scripts) by extensions ['colcon_pkg']
[1.141s] Level 1:colcon.colcon_core.package_identification:_identify(scripts) by extension 'colcon_pkg'
[1.141s] Level 1:colcon.colcon_core.package_identification:_identify(scripts) by extensions ['colcon_meta']
[1.141s] Level 1:colcon.colcon_core.package_identification:_identify(scripts) by extension 'colcon_meta'
[1.141s] Level 1:colcon.colcon_core.package_identification:_identify(scripts) by extensions ['ros']
[1.141s] Level 1:colcon.colcon_core.package_identification:_identify(scripts) by extension 'ros'
[1.142s] Level 1:colcon.colcon_core.package_identification:_identify(scripts) by extensions ['cmake', 'python']
[1.142s] Level 1:colcon.colcon_core.package_identification:_identify(scripts) by extension 'cmake'
[1.142s] Level 1:colcon.colcon_core.package_identification:_identify(scripts) by extension 'python'
[1.142s] Level 1:colcon.colcon_core.package_identification:_identify(scripts) by extensions ['python_setup_py']
[1.142s] Level 1:colcon.colcon_core.package_identification:_identify(scripts) by extension 'python_setup_py'
[1.142s] Level 1:colcon.colcon_core.package_discovery:discover_packages(recursive) using defaults
[1.142s] Level 1:colcon.colcon_core.package_discovery:discover_packages(ignore) discover
[1.142s] Level 1:colcon.colcon_core.package_discovery:discover_packages(ignore) using defaults
[1.142s] Level 1:colcon.colcon_core.package_discovery:discover_packages(path) discover
[1.142s] Level 1:colcon.colcon_core.package_discovery:discover_packages(path) using defaults
[1.219s] INFO:colcon.colcon_core.package_selection:Skipping not selected package 'camco_description' in 'camco_description'
[1.219s] INFO:colcon.colcon_core.package_selection:Skipping not selected package 'camco_launch' in 'camco_launch'
[1.248s] Level 1:colcon.colcon_core.package_discovery:discover_packages(prefix_path) check parameters
[1.248s] Level 1:colcon.colcon_core.package_discovery:discover_packages(prefix_path) discover
[1.281s] DEBUG:colcon.colcon_installed_package_information.package_discovery:Found 0 installed packages in /home/mustafa/camco_ws/install
[1.297s] DEBUG:colcon.colcon_installed_package_information.package_discovery:Found 384 installed packages in /opt/ros/humble
[1.299s] Level 1:colcon.colcon_core.package_discovery:discover_packages(prefix_path) using defaults
[1.417s] Level 5:colcon.colcon_core.verb:set package 'camco_navigation' build argument 'cmake_args' from command line to 'None'
[1.417s] Level 5:colcon.colcon_core.verb:set package 'camco_navigation' build argument 'cmake_target' from command line to 'None'
[1.417s] Level 5:colcon.colcon_core.verb:set package 'camco_navigation' build argument 'cmake_target_skip_unavailable' from command line to 'False'
[1.417s] Level 5:colcon.colcon_core.verb:set package 'camco_navigation' build argument 'cmake_clean_cache' from command line to 'False'
[1.417s] Level 5:colcon.colcon_core.verb:set package 'camco_navigation' build argument 'cmake_clean_first' from command line to 'False'
[1.417s] Level 5:colcon.colcon_core.verb:set package 'camco_navigation' build argument 'cmake_force_configure' from command line to 'False'
[1.417s] Level 5:colcon.colcon_core.verb:set package 'camco_navigation' build argument 'ament_cmake_args' from command line to 'None'
[1.417s] Level 5:colcon.colcon_core.verb:set package 'camco_navigation' build argument 'catkin_cmake_args' from command line to 'None'
[1.417s] Level 5:colcon.colcon_core.verb:set package 'camco_navigation' build argument 'catkin_skip_building_tests' from command line to 'False'
[1.417s] DEBUG:colcon.colcon_core.verb:Building package 'camco_navigation' with the following arguments: {'ament_cmake_args': None, 'build_base': '/home/mustafa/camco_ws/src/Campus-Courier/build/camco_navigation', 'catkin_cmake_args': None, 'catkin_skip_building_tests': False, 'cmake_args': None, 'cmake_clean_cache': False, 'cmake_clean_first': False, 'cmake_force_configure': False, 'cmake_target': None, 'cmake_target_skip_unavailable': False, 'install_base': '/home/mustafa/camco_ws/src/Campus-Courier/install/camco_navigation', 'merge_install': False, 'path': '/home/mustafa/camco_ws/src/Campus-Courier/camco_navigation', 'symlink_install': False, 'test_result_base': None}
[1.432s] INFO:colcon.colcon_core.executor:Executing jobs using 'parallel' executor
[1.448s] DEBUG:colcon.colcon_parallel_executor.executor.parallel:run_until_complete
[1.448s] INFO:colcon.colcon_ros.task.ament_cmake.build:Building ROS package in '/home/mustafa/camco_ws/src/Campus-Courier/camco_navigation' with build type 'ament_cmake'
[1.448s] INFO:colcon.colcon_cmake.task.cmake.build:Building CMake package in '/home/mustafa/camco_ws/src/Campus-Courier/camco_navigation'
[1.469s] INFO:colcon.colcon_core.plugin_system:Skipping extension 'colcon_core.shell.bat': Not used on non-Windows systems
[1.469s] INFO:colcon.colcon_core.shell:Skip shell extension 'powershell' for command environment: Not usable outside of PowerShell
[1.469s] DEBUG:colcon.colcon_core.shell:Skip shell extension 'dsv' for command environment
[1.544s] DEBUG:colcon.colcon_core.event_handler.log_command:Invoking command in '/home/mustafa/camco_ws/src/Campus-Courier/build/camco_navigation': CMAKE_PREFIX_PATH=/opt/ros/humble /usr/bin/cmake --build /home/mustafa/camco_ws/src/Campus-Courier/build/camco_navigation -- -j4 -l4
[1.653s] DEBUG:colcon.colcon_core.event_handler.log_command:Invoked command in '/home/mustafa/camco_ws/src/Campus-Courier/build/camco_navigation' returned '0': CMAKE_PREFIX_PATH=/opt/ros/humble /usr/bin/cmake --build /home/mustafa/camco_ws/src/Campus-Courier/build/camco_navigation -- -j4 -l4
[1.814s] DEBUG:colcon.colcon_core.event_handler.log_command:Invoking command in '/home/mustafa/camco_ws/src/Campus-Courier/build/camco_navigation': CMAKE_PREFIX_PATH=/opt/ros/humble /usr/bin/cmake --install /home/mustafa/camco_ws/src/Campus-Courier/build/camco_navigation
[1.840s] Level 1:colcon.colcon_core.environment:create_environment_scripts_only(camco_navigation)
[1.850s] DEBUG:colcon.colcon_core.event_handler.log_command:Invoked command in '/home/mustafa/camco_ws/src/Campus-Courier/build/camco_navigation' returned '0': CMAKE_PREFIX_PATH=/opt/ros/humble /usr/bin/cmake --install /home/mustafa/camco_ws/src/Campus-Courier/build/camco_navigation
[1.860s] Level 1:colcon.colcon_core.environment:checking '/home/mustafa/camco_ws/src/Campus-Courier/install/camco_navigation' for CMake module files
[1.860s] Level 1:colcon.colcon_core.environment:checking '/home/mustafa/camco_ws/src/Campus-Courier/install/camco_navigation' for CMake config files
[1.861s] Level 1:colcon.colcon_core.shell:create_environment_hook('camco_navigation', 'cmake_prefix_path')
[1.878s] INFO:colcon.colcon_core.shell:Creating environment hook '/home/mustafa/camco_ws/src/Campus-Courier/install/camco_navigation/share/camco_navigation/hook/cmake_prefix_path.ps1'
[1.879s] INFO:colcon.colcon_core.shell:Creating environment descriptor '/home/mustafa/camco_ws/src/Campus-Courier/install/camco_navigation/share/camco_navigation/hook/cmake_prefix_path.dsv'
[1.880s] INFO:colcon.colcon_core.shell:Creating environment hook '/home/mustafa/camco_ws/src/Campus-Courier/install/camco_navigation/share/camco_navigation/hook/cmake_prefix_path.sh'
[1.883s] Level 1:colcon.colcon_core.environment:checking '/home/mustafa/camco_ws/src/Campus-Courier/install/camco_navigation/bin'
[1.883s] Level 1:colcon.colcon_core.environment:checking '/home/mustafa/camco_ws/src/Campus-Courier/install/camco_navigation/lib/pkgconfig/camco_navigation.pc'
[1.883s] Level 1:colcon.colcon_core.environment:checking '/home/mustafa/camco_ws/src/Campus-Courier/install/camco_navigation/lib/python3.10/site-packages'
[1.883s] Level 1:colcon.colcon_core.environment:checking '/home/mustafa/camco_ws/src/Campus-Courier/install/camco_navigation/bin'
[1.901s] INFO:colcon.colcon_core.shell:Creating package script '/home/mustafa/camco_ws/src/Campus-Courier/install/camco_navigation/share/camco_navigation/package.ps1'
[1.903s] INFO:colcon.colcon_core.shell:Creating package descriptor '/home/mustafa/camco_ws/src/Campus-Courier/install/camco_navigation/share/camco_navigation/package.dsv'
[1.903s] INFO:colcon.colcon_core.shell:Creating package script '/home/mustafa/camco_ws/src/Campus-Courier/install/camco_navigation/share/camco_navigation/package.sh'
[1.904s] INFO:colcon.colcon_core.shell:Creating package script '/home/mustafa/camco_ws/src/Campus-Courier/install/camco_navigation/share/camco_navigation/package.bash'
[1.905s] INFO:colcon.colcon_core.shell:Creating package script '/home/mustafa/camco_ws/src/Campus-Courier/install/camco_navigation/share/camco_navigation/package.zsh'
[1.906s] Level 1:colcon.colcon_core.environment:create_file_with_runtime_dependencies(/home/mustafa/camco_ws/src/Campus-Courier/install/camco_navigation/share/colcon-core/packages/camco_navigation)
[1.979s] Level 1:colcon.colcon_core.environment:create_environment_scripts_only(camco_navigation)
[1.997s] Level 1:colcon.colcon_core.environment:checking '/home/mustafa/camco_ws/src/Campus-Courier/install/camco_navigation' for CMake module files
[1.998s] Level 1:colcon.colcon_core.environment:checking '/home/mustafa/camco_ws/src/Campus-Courier/install/camco_navigation' for CMake config files
[1.998s] Level 1:colcon.colcon_core.shell:create_environment_hook('camco_navigation', 'cmake_prefix_path')
[2.014s] INFO:colcon.colcon_core.shell:Creating environment hook '/home/mustafa/camco_ws/src/Campus-Courier/install/camco_navigation/share/camco_navigation/hook/cmake_prefix_path.ps1'
[2.015s] INFO:colcon.colcon_core.shell:Creating environment descriptor '/home/mustafa/camco_ws/src/Campus-Courier/install/camco_navigation/share/camco_navigation/hook/cmake_prefix_path.dsv'
[2.016s] INFO:colcon.colcon_core.shell:Creating environment hook '/home/mustafa/camco_ws/src/Campus-Courier/install/camco_navigation/share/camco_navigation/hook/cmake_prefix_path.sh'
[2.016s] Level 1:colcon.colcon_core.environment:checking '/home/mustafa/camco_ws/src/Campus-Courier/install/camco_navigation/bin'
[2.017s] Level 1:colcon.colcon_core.environment:checking '/home/mustafa/camco_ws/src/Campus-Courier/install/camco_navigation/lib/pkgconfig/camco_navigation.pc'
[2.017s] Level 1:colcon.colcon_core.environment:checking '/home/mustafa/camco_ws/src/Campus-Courier/install/camco_navigation/lib/python3.10/site-packages'
[2.018s] Level 1:colcon.colcon_core.environment:checking '/home/mustafa/camco_ws/src/Campus-Courier/install/camco_navigation/bin'
[2.033s] INFO:colcon.colcon_core.shell:Creating package script '/home/mustafa/camco_ws/src/Campus-Courier/install/camco_navigation/share/camco_navigation/package.ps1'
[2.034s] INFO:colcon.colcon_core.shell:Creating package descriptor '/home/mustafa/camco_ws/src/Campus-Courier/install/camco_navigation/share/camco_navigation/package.dsv'
[2.035s] INFO:colcon.colcon_core.shell:Creating package script '/home/mustafa/camco_ws/src/Campus-Courier/install/camco_navigation/share/camco_navigation/package.sh'
[2.035s] INFO:colcon.colcon_core.shell:Creating package script '/home/mustafa/camco_ws/src/Campus-Courier/install/camco_navigation/share/camco_navigation/package.bash'
[2.036s] INFO:colcon.colcon_core.shell:Creating package script '/home/mustafa/camco_ws/src/Campus-Courier/install/camco_navigation/share/camco_navigation/package.zsh'
[2.038s] Level 1:colcon.colcon_core.environment:create_file_with_runtime_dependencies(/home/mustafa/camco_ws/src/Campus-Courier/install/camco_navigation/share/colcon-core/packages/camco_navigation)
[2.039s] DEBUG:colcon.colcon_parallel_executor.executor.parallel:closing loop
[2.039s] DEBUG:colcon.colcon_parallel_executor.executor.parallel:loop closed
[2.039s] DEBUG:colcon.colcon_parallel_executor.executor.parallel:run_until_complete finished with '0'
[2.040s] DEBUG:colcon.colcon_core.event_reactor:joining thread
[2.071s] INFO:colcon.colcon_core.plugin_system:Skipping extension 'colcon_notification.desktop_notification.terminal_notifier': Not used on non-Darwin systems
[2.074s] INFO:colcon.colcon_core.plugin_system:Skipping extension 'colcon_notification.desktop_notification.win32': Not used on non-Windows systems
[2.077s] INFO:colcon.colcon_notification.desktop_notification:Sending desktop notification using 'notify2'
[2.114s] DEBUG:colcon.colcon_core.event_reactor:joined thread
[2.131s] INFO:colcon.colcon_core.shell:Creating prefix script '/home/mustafa/camco_ws/src/Campus-Courier/install/local_setup.ps1'
[2.133s] INFO:colcon.colcon_core.shell:Creating prefix util module '/home/mustafa/camco_ws/src/Campus-Courier/install/_local_setup_util_ps1.py'
[2.135s] INFO:colcon.colcon_core.shell:Creating prefix chain script '/home/mustafa/camco_ws/src/Campus-Courier/install/setup.ps1'
[2.152s] INFO:colcon.colcon_core.shell:Creating prefix script '/home/mustafa/camco_ws/src/Campus-Courier/install/local_setup.sh'
[2.152s] INFO:colcon.colcon_core.shell:Creating prefix util module '/home/mustafa/camco_ws/src/Campus-Courier/install/_local_setup_util_sh.py'
[2.153s] INFO:colcon.colcon_core.shell:Creating prefix chain script '/home/mustafa/camco_ws/src/Campus-Courier/install/setup.sh'
[2.171s] INFO:colcon.colcon_core.shell:Creating prefix script '/home/mustafa/camco_ws/src/Campus-Courier/install/local_setup.bash'
[2.172s] INFO:colcon.colcon_core.shell:Creating prefix chain script '/home/mustafa/camco_ws/src/Campus-Courier/install/setup.bash'
[2.188s] INFO:colcon.colcon_core.shell:Creating prefix script '/home/mustafa/camco_ws/src/Campus-Courier/install/local_setup.zsh'
[2.190s] INFO:colcon.colcon_core.shell:Creating prefix chain script '/home/mustafa/camco_ws/src/Campus-Courier/install/setup.zsh'
