[0.947s] DEBUG:colcon:Command line arguments: ['/usr/bin/colcon', 'build', '--packages-select', 'camco_navigation']
[0.947s] DEBUG:colcon:Parsed command line arguments: Namespace(log_base=None, log_level=None, verb_name='build', build_base='build', install_base='install', merge_install=False, symlink_install=False, test_result_base=None, continue_on_error=False, executor='parallel', parallel_workers=4, event_handlers=None, ignore_user_meta=False, metas=['./colcon.meta'], base_paths=['.'], packages_ignore=None, packages_ignore_regex=None, paths=None, packages_up_to=None, packages_up_to_regex=None, packages_above=None, packages_above_and_dependencies=None, packages_above_depth=None, packages_select_by_dep=None, packages_skip_by_dep=None, packages_skip_up_to=None, packages_select_build_failed=False, packages_skip_build_finished=False, packages_select_test_failures=False, packages_skip_test_passed=False, packages_select=['camco_navigation'], packages_skip=None, packages_select_regex=None, packages_skip_regex=None, packages_start=None, packages_end=None, allow_overriding=[], cmake_args=None, cmake_target=None, cmake_target_skip_unavailable=False, cmake_clean_cache=False, cmake_clean_first=False, cmake_force_configure=False, ament_cmake_args=None, catkin_cmake_args=None, catkin_skip_building_tests=False, verb_parser=<colcon_defaults.argument_parser.defaults.DefaultArgumentsDecorator object at 0x7f864bb3dae0>, verb_extension=<colcon_core.verb.build.BuildVerb object at 0x7f864bfdb850>, main=<bound method BuildVerb.main of <colcon_core.verb.build.BuildVerb object at 0x7f864bfdb850>>)
[0.992s] Level 1:colcon.colcon_core.package_discovery:discover_packages(colcon_meta) check parameters
[0.992s] Level 1:colcon.colcon_core.package_discovery:discover_packages(recursive) check parameters
[0.992s] Level 1:colcon.colcon_core.package_discovery:discover_packages(ignore) check parameters
[0.992s] Level 1:colcon.colcon_core.package_discovery:discover_packages(path) check parameters
[0.992s] Level 1:colcon.colcon_core.package_discovery:discover_packages(colcon_meta) discover
[0.992s] Level 1:colcon.colcon_core.package_discovery:discover_packages(recursive) discover
[0.992s] INFO:colcon.colcon_core.package_discovery:Crawling recursively for packages in '/home/mustafa/camco_ws/src/Campus-Courier'
[0.992s] Level 1:colcon.colcon_core.package_identification:_identify(.) by extensions ['ignore', 'ignore_ament_install']
[0.992s] Level 1:colcon.colcon_core.package_identification:_identify(.) by extension 'ignore'
[0.993s] Level 1:colcon.colcon_core.package_identification:_identify(.) by extension 'ignore_ament_install'
[0.993s] Level 1:colcon.colcon_core.package_identification:_identify(.) by extensions ['colcon_pkg']
[0.993s] Level 1:colcon.colcon_core.package_identification:_identify(.) by extension 'colcon_pkg'
[0.993s] Level 1:colcon.colcon_core.package_identification:_identify(.) by extensions ['colcon_meta']
[0.993s] Level 1:colcon.colcon_core.package_identification:_identify(.) by extension 'colcon_meta'
[0.993s] Level 1:colcon.colcon_core.package_identification:_identify(.) by extensions ['ros']
[0.993s] Level 1:colcon.colcon_core.package_identification:_identify(.) by extension 'ros'
[1.003s] Level 1:colcon.colcon_core.package_identification:_identify(.) by extensions ['cmake', 'python']
[1.003s] Level 1:colcon.colcon_core.package_identification:_identify(.) by extension 'cmake'
[1.003s] Level 1:colcon.colcon_core.package_identification:_identify(.) by extension 'python'
[1.003s] Level 1:colcon.colcon_core.package_identification:_identify(.) by extensions ['python_setup_py']
[1.003s] Level 1:colcon.colcon_core.package_identification:_identify(.) by extension 'python_setup_py'
[1.003s] Level 1:colcon.colcon_core.package_identification:_identify(build) by extensions ['ignore', 'ignore_ament_install']
[1.003s] Level 1:colcon.colcon_core.package_identification:_identify(build) by extension 'ignore'
[1.004s] Level 1:colcon.colcon_core.package_identification:_identify(build) ignored
[1.004s] Level 1:colcon.colcon_core.package_identification:_identify(camco_description) by extensions ['ignore', 'ignore_ament_install']
[1.004s] Level 1:colcon.colcon_core.package_identification:_identify(camco_description) by extension 'ignore'
[1.004s] Level 1:colcon.colcon_core.package_identification:_identify(camco_description) by extension 'ignore_ament_install'
[1.004s] Level 1:colcon.colcon_core.package_identification:_identify(camco_description) by extensions ['colcon_pkg']
[1.004s] Level 1:colcon.colcon_core.package_identification:_identify(camco_description) by extension 'colcon_pkg'
[1.004s] Level 1:colcon.colcon_core.package_identification:_identify(camco_description) by extensions ['colcon_meta']
[1.004s] Level 1:colcon.colcon_core.package_identification:_identify(camco_description) by extension 'colcon_meta'
[1.004s] Level 1:colcon.colcon_core.package_identification:_identify(camco_description) by extensions ['ros']
[1.004s] Level 1:colcon.colcon_core.package_identification:_identify(camco_description) by extension 'ros'
[1.006s] DEBUG:colcon.colcon_core.package_identification:Package 'camco_description' with type 'ros.ament_cmake' and name 'camco_description'
[1.006s] Level 1:colcon.colcon_core.package_identification:_identify(camco_launch) by extensions ['ignore', 'ignore_ament_install']
[1.006s] Level 1:colcon.colcon_core.package_identification:_identify(camco_launch) by extension 'ignore'
[1.006s] Level 1:colcon.colcon_core.package_identification:_identify(camco_launch) by extension 'ignore_ament_install'
[1.006s] Level 1:colcon.colcon_core.package_identification:_identify(camco_launch) by extensions ['colcon_pkg']
[1.006s] Level 1:colcon.colcon_core.package_identification:_identify(camco_launch) by extension 'colcon_pkg'
[1.007s] Level 1:colcon.colcon_core.package_identification:_identify(camco_launch) by extensions ['colcon_meta']
[1.007s] Level 1:colcon.colcon_core.package_identification:_identify(camco_launch) by extension 'colcon_meta'
[1.007s] Level 1:colcon.colcon_core.package_identification:_identify(camco_launch) by extensions ['ros']
[1.007s] Level 1:colcon.colcon_core.package_identification:_identify(camco_launch) by extension 'ros'
[1.007s] DEBUG:colcon.colcon_core.package_identification:Package 'camco_launch' with type 'ros.ament_cmake' and name 'camco_launch'
[1.007s] Level 1:colcon.colcon_core.package_identification:_identify(camco_navigation) by extensions ['ignore', 'ignore_ament_install']
[1.008s] Level 1:colcon.colcon_core.package_identification:_identify(camco_navigation) by extension 'ignore'
[1.008s] Level 1:colcon.colcon_core.package_identification:_identify(camco_navigation) by extension 'ignore_ament_install'
[1.008s] Level 1:colcon.colcon_core.package_identification:_identify(camco_navigation) by extensions ['colcon_pkg']
[1.008s] Level 1:colcon.colcon_core.package_identification:_identify(camco_navigation) by extension 'colcon_pkg'
[1.008s] Level 1:colcon.colcon_core.package_identification:_identify(camco_navigation) by extensions ['colcon_meta']
[1.008s] Level 1:colcon.colcon_core.package_identification:_identify(camco_navigation) by extension 'colcon_meta'
[1.008s] Level 1:colcon.colcon_core.package_identification:_identify(camco_navigation) by extensions ['ros']
[1.008s] Level 1:colcon.colcon_core.package_identification:_identify(camco_navigation) by extension 'ros'
[1.008s] DEBUG:colcon.colcon_core.package_identification:Package 'camco_navigation' with type 'ros.ament_cmake' and name 'camco_navigation'
[1.008s] Level 1:colcon.colcon_core.package_identification:_identify(install) by extensions ['ignore', 'ignore_ament_install']
[1.009s] Level 1:colcon.colcon_core.package_identification:_identify(install) by extension 'ignore'
[1.009s] Level 1:colcon.colcon_core.package_identification:_identify(install) ignored
[1.009s] Level 1:colcon.colcon_core.package_identification:_identify(log) by extensions ['ignore', 'ignore_ament_install']
[1.009s] Level 1:colcon.colcon_core.package_identification:_identify(log) by extension 'ignore'
[1.009s] Level 1:colcon.colcon_core.package_identification:_identify(log) ignored
[1.009s] Level 1:colcon.colcon_core.package_identification:_identify(scripts) by extensions ['ignore', 'ignore_ament_install']
[1.009s] Level 1:colcon.colcon_core.package_identification:_identify(scripts) by extension 'ignore'
[1.009s] Level 1:colcon.colcon_core.package_identification:_identify(scripts) by extension 'ignore_ament_install'
[1.009s] Level 1:colcon.colcon_core.package_identification:_identify(scripts) by extensions ['colcon_pkg']
[1.009s] Level 1:colcon.colcon_core.package_identification:_identify(scripts) by extension 'colcon_pkg'
[1.009s] Level 1:colcon.colcon_core.package_identification:_identify(scripts) by extensions ['colcon_meta']
[1.009s] Level 1:colcon.colcon_core.package_identification:_identify(scripts) by extension 'colcon_meta'
[1.009s] Level 1:colcon.colcon_core.package_identification:_identify(scripts) by extensions ['ros']
[1.009s] Level 1:colcon.colcon_core.package_identification:_identify(scripts) by extension 'ros'
[1.009s] Level 1:colcon.colcon_core.package_identification:_identify(scripts) by extensions ['cmake', 'python']
[1.010s] Level 1:colcon.colcon_core.package_identification:_identify(scripts) by extension 'cmake'
[1.010s] Level 1:colcon.colcon_core.package_identification:_identify(scripts) by extension 'python'
[1.010s] Level 1:colcon.colcon_core.package_identification:_identify(scripts) by extensions ['python_setup_py']
[1.010s] Level 1:colcon.colcon_core.package_identification:_identify(scripts) by extension 'python_setup_py'
[1.010s] Level 1:colcon.colcon_core.package_discovery:discover_packages(recursive) using defaults
[1.010s] Level 1:colcon.colcon_core.package_discovery:discover_packages(ignore) discover
[1.010s] Level 1:colcon.colcon_core.package_discovery:discover_packages(ignore) using defaults
[1.010s] Level 1:colcon.colcon_core.package_discovery:discover_packages(path) discover
[1.010s] Level 1:colcon.colcon_core.package_discovery:discover_packages(path) using defaults
[1.077s] INFO:colcon.colcon_core.package_selection:Skipping not selected package 'camco_description' in 'camco_description'
[1.077s] INFO:colcon.colcon_core.package_selection:Skipping not selected package 'camco_launch' in 'camco_launch'
[1.105s] Level 1:colcon.colcon_core.package_discovery:discover_packages(prefix_path) check parameters
[1.105s] Level 1:colcon.colcon_core.package_discovery:discover_packages(prefix_path) discover
[1.135s] DEBUG:colcon.colcon_installed_package_information.package_discovery:Found 384 installed packages in /opt/ros/humble
[1.137s] Level 1:colcon.colcon_core.package_discovery:discover_packages(prefix_path) using defaults
[1.264s] Level 5:colcon.colcon_core.verb:set package 'camco_navigation' build argument 'cmake_args' from command line to 'None'
[1.265s] Level 5:colcon.colcon_core.verb:set package 'camco_navigation' build argument 'cmake_target' from command line to 'None'
[1.265s] Level 5:colcon.colcon_core.verb:set package 'camco_navigation' build argument 'cmake_target_skip_unavailable' from command line to 'False'
[1.265s] Level 5:colcon.colcon_core.verb:set package 'camco_navigation' build argument 'cmake_clean_cache' from command line to 'False'
[1.265s] Level 5:colcon.colcon_core.verb:set package 'camco_navigation' build argument 'cmake_clean_first' from command line to 'False'
[1.265s] Level 5:colcon.colcon_core.verb:set package 'camco_navigation' build argument 'cmake_force_configure' from command line to 'False'
[1.265s] Level 5:colcon.colcon_core.verb:set package 'camco_navigation' build argument 'ament_cmake_args' from command line to 'None'
[1.265s] Level 5:colcon.colcon_core.verb:set package 'camco_navigation' build argument 'catkin_cmake_args' from command line to 'None'
[1.265s] Level 5:colcon.colcon_core.verb:set package 'camco_navigation' build argument 'catkin_skip_building_tests' from command line to 'False'
[1.265s] DEBUG:colcon.colcon_core.verb:Building package 'camco_navigation' with the following arguments: {'ament_cmake_args': None, 'build_base': '/home/mustafa/camco_ws/src/Campus-Courier/build/camco_navigation', 'catkin_cmake_args': None, 'catkin_skip_building_tests': False, 'cmake_args': None, 'cmake_clean_cache': False, 'cmake_clean_first': False, 'cmake_force_configure': False, 'cmake_target': None, 'cmake_target_skip_unavailable': False, 'install_base': '/home/mustafa/camco_ws/src/Campus-Courier/install/camco_navigation', 'merge_install': False, 'path': '/home/mustafa/camco_ws/src/Campus-Courier/camco_navigation', 'symlink_install': False, 'test_result_base': None}
[1.279s] INFO:colcon.colcon_core.executor:Executing jobs using 'parallel' executor
[1.295s] DEBUG:colcon.colcon_parallel_executor.executor.parallel:run_until_complete
[1.295s] INFO:colcon.colcon_ros.task.ament_cmake.build:Building ROS package in '/home/mustafa/camco_ws/src/Campus-Courier/camco_navigation' with build type 'ament_cmake'
[1.296s] INFO:colcon.colcon_cmake.task.cmake.build:Building CMake package in '/home/mustafa/camco_ws/src/Campus-Courier/camco_navigation'
[1.316s] INFO:colcon.colcon_core.plugin_system:Skipping extension 'colcon_core.shell.bat': Not used on non-Windows systems
[1.316s] INFO:colcon.colcon_core.shell:Skip shell extension 'powershell' for command environment: Not usable outside of PowerShell
[1.316s] DEBUG:colcon.colcon_core.shell:Skip shell extension 'dsv' for command environment
[1.362s] DEBUG:colcon.colcon_core.event_handler.log_command:Invoking command in '/home/mustafa/camco_ws/src/Campus-Courier/build/camco_navigation': CMAKE_PREFIX_PATH=/opt/ros/humble /usr/bin/cmake --build /home/mustafa/camco_ws/src/Campus-Courier/build/camco_navigation -- -j4 -l4
[1.620s] DEBUG:colcon.colcon_core.event_handler.log_command:Invoked command in '/home/mustafa/camco_ws/src/Campus-Courier/build/camco_navigation' returned '0': CMAKE_PREFIX_PATH=/opt/ros/humble /usr/bin/cmake --build /home/mustafa/camco_ws/src/Campus-Courier/build/camco_navigation -- -j4 -l4
[1.693s] DEBUG:colcon.colcon_core.event_handler.log_command:Invoking command in '/home/mustafa/camco_ws/src/Campus-Courier/build/camco_navigation': CMAKE_PREFIX_PATH=/opt/ros/humble /usr/bin/cmake --install /home/mustafa/camco_ws/src/Campus-Courier/build/camco_navigation
[1.707s] Level 1:colcon.colcon_core.environment:create_environment_scripts_only(camco_navigation)
[1.708s] DEBUG:colcon.colcon_core.event_handler.log_command:Invoked command in '/home/mustafa/camco_ws/src/Campus-Courier/build/camco_navigation' returned '0': CMAKE_PREFIX_PATH=/opt/ros/humble /usr/bin/cmake --install /home/mustafa/camco_ws/src/Campus-Courier/build/camco_navigation
[1.726s] Level 1:colcon.colcon_core.environment:checking '/home/mustafa/camco_ws/src/Campus-Courier/install/camco_navigation' for CMake module files
[1.727s] Level 1:colcon.colcon_core.environment:checking '/home/mustafa/camco_ws/src/Campus-Courier/install/camco_navigation' for CMake config files
[1.773s] Level 1:colcon.colcon_core.shell:create_environment_hook('camco_navigation', 'cmake_prefix_path')
[1.789s] INFO:colcon.colcon_core.shell:Creating environment hook '/home/mustafa/camco_ws/src/Campus-Courier/install/camco_navigation/share/camco_navigation/hook/cmake_prefix_path.ps1'
[1.790s] INFO:colcon.colcon_core.shell:Creating environment descriptor '/home/mustafa/camco_ws/src/Campus-Courier/install/camco_navigation/share/camco_navigation/hook/cmake_prefix_path.dsv'
[1.791s] INFO:colcon.colcon_core.shell:Creating environment hook '/home/mustafa/camco_ws/src/Campus-Courier/install/camco_navigation/share/camco_navigation/hook/cmake_prefix_path.sh'
[1.802s] Level 1:colcon.colcon_core.environment:checking '/home/mustafa/camco_ws/src/Campus-Courier/install/camco_navigation/bin'
[1.802s] Level 1:colcon.colcon_core.environment:checking '/home/mustafa/camco_ws/src/Campus-Courier/install/camco_navigation/lib/pkgconfig/camco_navigation.pc'
[1.803s] Level 1:colcon.colcon_core.environment:checking '/home/mustafa/camco_ws/src/Campus-Courier/install/camco_navigation/lib/python3.10/site-packages'
[1.803s] Level 1:colcon.colcon_core.environment:checking '/home/mustafa/camco_ws/src/Campus-Courier/install/camco_navigation/bin'
[1.831s] INFO:colcon.colcon_core.shell:Creating package script '/home/mustafa/camco_ws/src/Campus-Courier/install/camco_navigation/share/camco_navigation/package.ps1'
[1.832s] INFO:colcon.colcon_core.shell:Creating package descriptor '/home/mustafa/camco_ws/src/Campus-Courier/install/camco_navigation/share/camco_navigation/package.dsv'
[1.833s] INFO:colcon.colcon_core.shell:Creating package script '/home/mustafa/camco_ws/src/Campus-Courier/install/camco_navigation/share/camco_navigation/package.sh'
[1.834s] INFO:colcon.colcon_core.shell:Creating package script '/home/mustafa/camco_ws/src/Campus-Courier/install/camco_navigation/share/camco_navigation/package.bash'
[1.836s] INFO:colcon.colcon_core.shell:Creating package script '/home/mustafa/camco_ws/src/Campus-Courier/install/camco_navigation/share/camco_navigation/package.zsh'
[1.836s] Level 1:colcon.colcon_core.environment:create_file_with_runtime_dependencies(/home/mustafa/camco_ws/src/Campus-Courier/install/camco_navigation/share/colcon-core/packages/camco_navigation)
[1.929s] Level 1:colcon.colcon_core.environment:create_environment_scripts_only(camco_navigation)
[1.947s] Level 1:colcon.colcon_core.environment:checking '/home/mustafa/camco_ws/src/Campus-Courier/install/camco_navigation' for CMake module files
[1.947s] Level 1:colcon.colcon_core.environment:checking '/home/mustafa/camco_ws/src/Campus-Courier/install/camco_navigation' for CMake config files
[1.948s] Level 1:colcon.colcon_core.shell:create_environment_hook('camco_navigation', 'cmake_prefix_path')
[1.962s] INFO:colcon.colcon_core.shell:Creating environment hook '/home/mustafa/camco_ws/src/Campus-Courier/install/camco_navigation/share/camco_navigation/hook/cmake_prefix_path.ps1'
[1.963s] INFO:colcon.colcon_core.shell:Creating environment descriptor '/home/mustafa/camco_ws/src/Campus-Courier/install/camco_navigation/share/camco_navigation/hook/cmake_prefix_path.dsv'
[1.964s] INFO:colcon.colcon_core.shell:Creating environment hook '/home/mustafa/camco_ws/src/Campus-Courier/install/camco_navigation/share/camco_navigation/hook/cmake_prefix_path.sh'
[1.966s] Level 1:colcon.colcon_core.environment:checking '/home/mustafa/camco_ws/src/Campus-Courier/install/camco_navigation/bin'
[1.966s] Level 1:colcon.colcon_core.environment:checking '/home/mustafa/camco_ws/src/Campus-Courier/install/camco_navigation/lib/pkgconfig/camco_navigation.pc'
[1.966s] Level 1:colcon.colcon_core.environment:checking '/home/mustafa/camco_ws/src/Campus-Courier/install/camco_navigation/lib/python3.10/site-packages'
[1.967s] Level 1:colcon.colcon_core.environment:checking '/home/mustafa/camco_ws/src/Campus-Courier/install/camco_navigation/bin'
[1.981s] INFO:colcon.colcon_core.shell:Creating package script '/home/mustafa/camco_ws/src/Campus-Courier/install/camco_navigation/share/camco_navigation/package.ps1'
[1.983s] INFO:colcon.colcon_core.shell:Creating package descriptor '/home/mustafa/camco_ws/src/Campus-Courier/install/camco_navigation/share/camco_navigation/package.dsv'
[1.984s] INFO:colcon.colcon_core.shell:Creating package script '/home/mustafa/camco_ws/src/Campus-Courier/install/camco_navigation/share/camco_navigation/package.sh'
[1.984s] INFO:colcon.colcon_core.shell:Creating package script '/home/mustafa/camco_ws/src/Campus-Courier/install/camco_navigation/share/camco_navigation/package.bash'
[1.985s] INFO:colcon.colcon_core.shell:Creating package script '/home/mustafa/camco_ws/src/Campus-Courier/install/camco_navigation/share/camco_navigation/package.zsh'
[2.000s] Level 1:colcon.colcon_core.environment:create_file_with_runtime_dependencies(/home/mustafa/camco_ws/src/Campus-Courier/install/camco_navigation/share/colcon-core/packages/camco_navigation)
[2.001s] DEBUG:colcon.colcon_parallel_executor.executor.parallel:closing loop
[2.001s] DEBUG:colcon.colcon_parallel_executor.executor.parallel:loop closed
[2.002s] DEBUG:colcon.colcon_parallel_executor.executor.parallel:run_until_complete finished with '0'
[2.002s] DEBUG:colcon.colcon_core.event_reactor:joining thread
[2.026s] INFO:colcon.colcon_core.plugin_system:Skipping extension 'colcon_notification.desktop_notification.terminal_notifier': Not used on non-Darwin systems
[2.026s] INFO:colcon.colcon_core.plugin_system:Skipping extension 'colcon_notification.desktop_notification.win32': Not used on non-Windows systems
[2.026s] INFO:colcon.colcon_notification.desktop_notification:Sending desktop notification using 'notify2'
[2.047s] DEBUG:colcon.colcon_core.event_reactor:joined thread
[2.064s] INFO:colcon.colcon_core.shell:Creating prefix script '/home/mustafa/camco_ws/src/Campus-Courier/install/local_setup.ps1'
[2.065s] INFO:colcon.colcon_core.shell:Creating prefix util module '/home/mustafa/camco_ws/src/Campus-Courier/install/_local_setup_util_ps1.py'
[2.068s] INFO:colcon.colcon_core.shell:Creating prefix chain script '/home/mustafa/camco_ws/src/Campus-Courier/install/setup.ps1'
[2.085s] INFO:colcon.colcon_core.shell:Creating prefix script '/home/mustafa/camco_ws/src/Campus-Courier/install/local_setup.sh'
[2.085s] INFO:colcon.colcon_core.shell:Creating prefix util module '/home/mustafa/camco_ws/src/Campus-Courier/install/_local_setup_util_sh.py'
[2.086s] INFO:colcon.colcon_core.shell:Creating prefix chain script '/home/mustafa/camco_ws/src/Campus-Courier/install/setup.sh'
[2.103s] INFO:colcon.colcon_core.shell:Creating prefix script '/home/mustafa/camco_ws/src/Campus-Courier/install/local_setup.bash'
[2.105s] INFO:colcon.colcon_core.shell:Creating prefix chain script '/home/mustafa/camco_ws/src/Campus-Courier/install/setup.bash'
[2.122s] INFO:colcon.colcon_core.shell:Creating prefix script '/home/mustafa/camco_ws/src/Campus-Courier/install/local_setup.zsh'
[2.124s] INFO:colcon.colcon_core.shell:Creating prefix chain script '/home/mustafa/camco_ws/src/Campus-Courier/install/setup.zsh'
